[{"line":2,"elements":[{"start_timestamp":"2024-12-10T14:46:00.687Z","line":4,"name":"Log into to OrangeHRM site as Admin role successfully","description":"","id":"login-to-orangehrm-site;log-into-to-orangehrm-site-as-admin-role-successfully","type":"scenario","keyword":"Scenario","steps":[{"result":{"duration":5964528300,"status":"passed"},"line":5,"name":"Open the application URL","match":{"location":"stepDefinitions.LoginPageSteps.openTheApplicationURL()"},"keyword":"Given "},{"result":{"duration":1686852500,"status":"passed"},"line":6,"name":"Log into OrangeHRM site as Admin role","match":{"location":"stepDefinitions.LoginPageSteps.loginToTheAdminPage()"},"keyword":"When "},{"result":{"duration":1731797000,"status":"passed"},"line":7,"name":"The \"Dashboard\" page will displayed","match":{"arguments":[{"val":"\"Dashboard\"","offset":4}],"location":"stepDefinitions.CommonPageSteps.thePageWillDisplayed(java.lang.String)"},"keyword":"Then "}]}],"name":"Login to OrangeHRM site","description":"","id":"login-to-orangehrm-site","keyword":"Feature","uri":"file:src/test/java/features/01_login.feature","tags":[]},{"line":2,"elements":[{"start_timestamp":"2024-12-10T14:46:10.089Z","line":4,"name":"Add new Job Title fail when input empty data","description":"","id":"add-new-job-title;add-new-job-title-fail-when-input-empty-data","type":"scenario","keyword":"Scenario","steps":[{"result":{"duration":2761805700,"status":"passed"},"line":5,"name":"Open \"Admin\" in main menu","match":{"arguments":[{"val":"\"Admin\"","offset":5}],"location":"stepDefinitions.CommonPageSteps.openMainMenu(java.lang.String)"},"keyword":"Given "},{"result":{"duration":2129589400,"status":"passed"},"line":6,"name":"Navigate to \"Job Titles\" page in header menu \"Job\"","match":{"arguments":[{"val":"\"Job Titles\"","offset":12},{"val":"\"Job\"","offset":45}],"location":"stepDefinitions.CommonPageSteps.openPage(java.lang.String,java.lang.String)"},"keyword":"And "},{"result":{"duration":544123800,"status":"passed"},"line":7,"name":"Click to \"Add\" button","match":{"arguments":[{"val":"\"Add\"","offset":9}],"location":"stepDefinitions.CommonPageSteps.clickToButton(java.lang.String)"},"keyword":"When "},{"result":{"duration":527202500,"status":"passed"},"line":8,"name":"Click to \"Save\" button","match":{"arguments":[{"val":"\"Save\"","offset":9}],"location":"stepDefinitions.CommonPageSteps.clickToButton(java.lang.String)"},"keyword":"And "},{"result":{"duration":51603800,"status":"passed"},"line":9,"name":"Error Message \"Required\" displayed under \"Job Title\" textbox","match":{"arguments":[{"val":"\"Required\"","offset":14},{"val":"\"Job Title\"","offset":41}],"location":"stepDefinitions.CommonPageSteps.errorMessageDisplayedUnderTextbox(java.lang.String,java.lang.String)"},"keyword":"Then "}]},{"start_timestamp":"2024-12-10T14:46:16.118Z","line":25,"name":"Add new Job Title successfully","description":"","id":"add-new-job-title;add-new-job-title-successfully;;2","type":"scenario","keyword":"Scenario Outline","steps":[{"result":{"duration":2519690800,"status":"passed"},"line":12,"name":"Open \"Admin\" in main menu","match":{"arguments":[{"val":"\"Admin\"","offset":5}],"location":"stepDefinitions.CommonPageSteps.openMainMenu(java.lang.String)"},"keyword":"Given "},{"result":{"duration":2126965800,"status":"passed"},"line":13,"name":"Navigate to \"Job Titles\" page in header menu \"Job\"","match":{"arguments":[{"val":"\"Job Titles\"","offset":12},{"val":"\"Job\"","offset":45}],"location":"stepDefinitions.CommonPageSteps.openPage(java.lang.String,java.lang.String)"},"keyword":"And "},{"result":{"duration":519292600,"status":"passed"},"line":14,"name":"Click to \"Add\" button","match":{"arguments":[{"val":"\"Add\"","offset":9}],"location":"stepDefinitions.CommonPageSteps.clickToButton(java.lang.String)"},"keyword":"When "},{"result":{"duration":534981900,"status":"passed"},"line":15,"name":"Input to \"Job Title\" textbox with value \"Tester\"","match":{"arguments":[{"val":"\"Job Title\"","offset":9},{"val":"\"Tester\"","offset":40}],"location":"stepDefinitions.CommonPageSteps.inputToTextboxWithValue(java.lang.String,java.lang.String)"},"keyword":"And "},{"result":{"duration":2033934000,"status":"passed"},"line":16,"name":"Upload a file for \"Job Specification\"","match":{"arguments":[{"val":"\"Job Specification\"","offset":18}],"location":"stepDefinitions.CommonPageSteps.uploadAFileFor(java.lang.String)"},"keyword":"And "},{"result":{"duration":35118300,"status":"passed"},"line":17,"name":"Verify file uploaded successfully in \"Job Specification\"","match":{"arguments":[{"val":"\"Job Specification\"","offset":37}],"location":"stepDefinitions.CommonPageSteps.verifyFileUploadedSuccessfully(java.lang.String)"},"keyword":"And "},{"result":{"duration":85453300,"status":"passed"},"line":18,"name":"Click to \"Save\" button","match":{"arguments":[{"val":"\"Save\"","offset":9}],"location":"stepDefinitions.CommonPageSteps.clickToButton(java.lang.String)"},"keyword":"And "},{"result":{"duration":2517831900,"status":"passed"},"line":19,"name":"Success message \"Successfully Saved\" displayed","match":{"arguments":[{"val":"\"Successfully Saved\"","offset":16}],"location":"stepDefinitions.CommonPageSteps.successMessageDisplayed(java.lang.String)"},"keyword":"Then "},{"result":{"duration":2835304000,"status":"passed"},"line":20,"name":"wait a second","match":{"location":"stepDefinitions.CommonPageSteps.waitForASecond()"},"keyword":"And "},{"result":{"duration":895549500,"status":"passed"},"line":21,"name":"The column \"Job Titles\" will display value \"Tester\"","match":{"arguments":[{"val":"\"Job Titles\"","offset":11},{"val":"\"Tester\"","offset":43}],"location":"stepDefinitions.CommonPageSteps.verifyTextDisplayedInTable(java.lang.String,java.lang.String)"},"keyword":"And "}]}],"name":"Add new Job Title","description":"","id":"add-new-job-title","keyword":"Feature","uri":"file:src/test/java/features/02_admin_job_titles.feature","tags":[]},{"line":2,"elements":[{"start_timestamp":"2024-12-10T14:46:30.234Z","line":4,"name":"Add new Pay Grades fail when input empty data","description":"","id":"add-new-pay-grades;add-new-pay-grades-fail-when-input-empty-data","type":"scenario","keyword":"Scenario","steps":[{"result":{"duration":2537723800,"status":"passed"},"line":5,"name":"Open \"Admin\" in main menu","match":{"arguments":[{"val":"\"Admin\"","offset":5}],"location":"stepDefinitions.CommonPageSteps.openMainMenu(java.lang.String)"},"keyword":"Given "},{"result":{"duration":2122397700,"status":"passed"},"line":6,"name":"Navigate to \"Pay Grades\" page in header menu \"Job\"","match":{"arguments":[{"val":"\"Pay Grades\"","offset":12},{"val":"\"Job\"","offset":45}],"location":"stepDefinitions.CommonPageSteps.openPage(java.lang.String,java.lang.String)"},"keyword":"And "},{"result":{"duration":527436100,"status":"passed"},"line":7,"name":"Click to \"Add\" button","match":{"arguments":[{"val":"\"Add\"","offset":9}],"location":"stepDefinitions.CommonPageSteps.clickToButton(java.lang.String)"},"keyword":"When "},{"result":{"duration":501864400,"status":"passed"},"line":8,"name":"Click to \"Save\" button","match":{"arguments":[{"val":"\"Save\"","offset":9}],"location":"stepDefinitions.CommonPageSteps.clickToButton(java.lang.String)"},"keyword":"And "},{"result":{"duration":41706300,"status":"passed"},"line":9,"name":"Error Message \"Required\" displayed under \"Name\" textbox","match":{"arguments":[{"val":"\"Required\"","offset":14},{"val":"\"Name\"","offset":41}],"location":"stepDefinitions.CommonPageSteps.errorMessageDisplayedUnderTextbox(java.lang.String,java.lang.String)"},"keyword":"Then "}]},{"start_timestamp":"2024-12-10T14:46:35.976Z","line":33,"name":"Add new Pay Grades successfully","description":"","id":"add-new-pay-grades;add-new-pay-grades-successfully;;2","type":"scenario","keyword":"Scenario Outline","steps":[{"result":{"duration":2478946500,"status":"passed"},"line":12,"name":"Open \"Admin\" in main menu","match":{"arguments":[{"val":"\"Admin\"","offset":5}],"location":"stepDefinitions.CommonPageSteps.openMainMenu(java.lang.String)"},"keyword":"Given "},{"result":{"duration":2070429000,"status":"passed"},"line":13,"name":"Navigate to \"Pay Grades\" page in header menu \"Job\"","match":{"arguments":[{"val":"\"Pay Grades\"","offset":12},{"val":"\"Job\"","offset":45}],"location":"stepDefinitions.CommonPageSteps.openPage(java.lang.String,java.lang.String)"},"keyword":"And "},{"result":{"duration":524497000,"status":"passed"},"line":14,"name":"Click to \"Add\" button","match":{"arguments":[{"val":"\"Add\"","offset":9}],"location":"stepDefinitions.CommonPageSteps.clickToButton(java.lang.String)"},"keyword":"When "},{"result":{"duration":549525700,"status":"passed"},"line":15,"name":"Input to \"Name\" textbox with value \"1\"","match":{"arguments":[{"val":"\"Name\"","offset":9},{"val":"\"1\"","offset":35}],"location":"stepDefinitions.CommonPageSteps.inputToTextboxWithValue(java.lang.String,java.lang.String)"},"keyword":"And "},{"result":{"duration":73546400,"status":"passed"},"line":16,"name":"Click to \"Save\" button","match":{"arguments":[{"val":"\"Save\"","offset":9}],"location":"stepDefinitions.CommonPageSteps.clickToButton(java.lang.String)"},"keyword":"And "},{"result":{"duration":1735150600,"status":"passed"},"line":17,"name":"wait a second","match":{"location":"stepDefinitions.CommonPageSteps.waitForASecond()"},"keyword":"And "},{"result":{"duration":1010530900,"status":"passed"},"line":18,"name":"wait a second","match":{"location":"stepDefinitions.CommonPageSteps.waitForASecond()"},"keyword":"And "},{"result":{"duration":34122500,"status":"passed"},"line":19,"name":"Verify \"Name\" textbox text displays \"1\"","match":{"arguments":[{"val":"\"Name\"","offset":7},{"val":"\"1\"","offset":36}],"location":"stepDefinitions.CommonPageSteps.verifyTextboxTextDisplays(java.lang.String,java.lang.String)"},"keyword":"Then "},{"result":{"duration":85203200,"status":"passed"},"line":20,"name":"Click to \"Add\" button of label \"Currencies\"","match":{"arguments":[{"val":"\"Add\"","offset":9},{"val":"\"Currencies\"","offset":31}],"location":"stepDefinitions.CommonPageSteps.clickToButtonOfLabel(java.lang.String,java.lang.String)"},"keyword":"And "},{"result":{"duration":545634600,"status":"passed"},"line":21,"name":"wait a second","match":{"location":"stepDefinitions.CommonPageSteps.waitForASecond()"},"keyword":"And "},{"result":{"duration":31477800,"status":"passed"},"line":22,"name":"The \"Add Currency\" page will displayed","match":{"arguments":[{"val":"\"Add Currency\"","offset":4}],"location":"stepDefinitions.CommonPageSteps.thePageWillDisplayed(java.lang.String)"},"keyword":"And "},{"result":{"duration":2227534500,"status":"passed"},"line":23,"name":"Select item \"USD - United States Dollar\" in dropdown \"Currency\"","match":{"arguments":[{"val":"\"USD - United States Dollar\"","offset":12},{"val":"\"Currency\"","offset":53}],"location":"stepDefinitions.CommonPageSteps.selectItemInDropdown(java.lang.String,java.lang.String)"},"keyword":"And "},{"result":{"duration":103722200,"status":"passed"},"line":24,"name":"Click to Save button of \"Add Currency\"","match":{"arguments":[{"val":"\"Add Currency\"","offset":24}],"location":"stepDefinitions.CommonPageSteps.clickToSaveButtonWithHeaderName(java.lang.String)"},"keyword":"And "},{"result":{"duration":3191920400,"status":"passed"},"line":25,"name":"wait a second","match":{"location":"stepDefinitions.CommonPageSteps.waitForASecond()"},"keyword":"And "},{"result":{"duration":94866600,"status":"passed"},"line":26,"name":"Verify the table Currencies displays value \"United States Dollar\" at column \"Currency\"","match":{"arguments":[{"val":"\"United States Dollar\"","offset":43},{"val":"\"Currency\"","offset":76}],"location":"stepDefinitions.Admin.PayGradePageSteps.verifyTheTableCurrenciesDisplaysValue(java.lang.String,java.lang.String)"},"keyword":"And "},{"result":{"duration":2089992100,"status":"passed"},"line":27,"name":"Navigate to \"Pay Grades\" page in header menu \"Job\"","match":{"arguments":[{"val":"\"Pay Grades\"","offset":12},{"val":"\"Job\"","offset":45}],"location":"stepDefinitions.CommonPageSteps.openPage(java.lang.String,java.lang.String)"},"keyword":"When "},{"result":{"duration":32922100,"status":"passed"},"line":28,"name":"The column \"Name\" will display value \"1\"","match":{"arguments":[{"val":"\"Name\"","offset":11},{"val":"\"1\"","offset":37}],"location":"stepDefinitions.CommonPageSteps.verifyTextDisplayedInTable(java.lang.String,java.lang.String)"},"keyword":"And "},{"result":{"duration":34896500,"status":"passed"},"line":29,"name":"The column \"Currency\" will display value \"United States Dollar\"","match":{"arguments":[{"val":"\"Currency\"","offset":11},{"val":"\"United States Dollar\"","offset":41}],"location":"stepDefinitions.CommonPageSteps.verifyTextDisplayedInTable(java.lang.String,java.lang.String)"},"keyword":"And "}]}],"name":"Add new Pay Grades","description":"","id":"add-new-pay-grades","keyword":"Feature","uri":"file:src/test/java/features/03_admin_pay_grades.feature","tags":[]},{"line":2,"elements":[{"start_timestamp":"2024-12-10T14:46:52.899Z","line":4,"name":"Add new Employment Status fail when input empty data","description":"","id":"add-new-employment-status;add-new-employment-status-fail-when-input-empty-data","type":"scenario","keyword":"Scenario","steps":[{"result":{"duration":2426251100,"status":"passed"},"line":5,"name":"Open \"Admin\" in main menu","match":{"arguments":[{"val":"\"Admin\"","offset":5}],"location":"stepDefinitions.CommonPageSteps.openMainMenu(java.lang.String)"},"keyword":"Given "},{"result":{"duration":1580005300,"status":"passed"},"line":6,"name":"Navigate to \"Employment Status\" page in header menu \"Job\"","match":{"arguments":[{"val":"\"Employment Status\"","offset":12},{"val":"\"Job\"","offset":52}],"location":"stepDefinitions.CommonPageSteps.openPage(java.lang.String,java.lang.String)"},"keyword":"And "},{"result":{"duration":544235100,"status":"passed"},"line":7,"name":"Click to \"Add\" button","match":{"arguments":[{"val":"\"Add\"","offset":9}],"location":"stepDefinitions.CommonPageSteps.clickToButton(java.lang.String)"},"keyword":"When "},{"result":{"duration":479891600,"status":"passed"},"line":8,"name":"Click to \"Save\" button","match":{"arguments":[{"val":"\"Save\"","offset":9}],"location":"stepDefinitions.CommonPageSteps.clickToButton(java.lang.String)"},"keyword":"And "},{"result":{"duration":29818700,"status":"passed"},"line":9,"name":"Error Message \"Required\" displayed under \"Name\" textbox","match":{"arguments":[{"val":"\"Required\"","offset":14},{"val":"\"Name\"","offset":41}],"location":"stepDefinitions.CommonPageSteps.errorMessageDisplayedUnderTextbox(java.lang.String,java.lang.String)"},"keyword":"Then "}]},{"start_timestamp":"2024-12-10T14:46:57.966Z","line":23,"name":"Add new Employment Status successfully","description":"","id":"add-new-employment-status;add-new-employment-status-successfully;;2","type":"scenario","keyword":"Scenario Outline","steps":[{"result":{"duration":2499891300,"status":"passed"},"line":12,"name":"Open \"Admin\" in main menu","match":{"arguments":[{"val":"\"Admin\"","offset":5}],"location":"stepDefinitions.CommonPageSteps.openMainMenu(java.lang.String)"},"keyword":"Given "},{"result":{"duration":2123746600,"status":"passed"},"line":13,"name":"Navigate to \"Employment Status\" page in header menu \"Job\"","match":{"arguments":[{"val":"\"Employment Status\"","offset":12},{"val":"\"Job\"","offset":52}],"location":"stepDefinitions.CommonPageSteps.openPage(java.lang.String,java.lang.String)"},"keyword":"And "},{"result":{"duration":564887300,"status":"passed"},"line":14,"name":"Click to \"Add\" button","match":{"arguments":[{"val":"\"Add\"","offset":9}],"location":"stepDefinitions.CommonPageSteps.clickToButton(java.lang.String)"},"keyword":"When "},{"result":{"duration":698899100,"status":"passed"},"line":15,"name":"Input to \"Name\" textbox with value \"full-time\"","match":{"arguments":[{"val":"\"Name\"","offset":9},{"val":"\"full-time\"","offset":35}],"location":"stepDefinitions.CommonPageSteps.inputToTextboxWithValue(java.lang.String,java.lang.String)"},"keyword":"And "},{"result":{"duration":66957200,"status":"passed"},"line":16,"name":"Click to \"Save\" button","match":{"arguments":[{"val":"\"Save\"","offset":9}],"location":"stepDefinitions.CommonPageSteps.clickToButton(java.lang.String)"},"keyword":"And "},{"result":{"duration":1457827500,"status":"passed"},"line":17,"name":"Success message \"Successfully Saved\" displayed","match":{"arguments":[{"val":"\"Successfully Saved\"","offset":16}],"location":"stepDefinitions.CommonPageSteps.successMessageDisplayed(java.lang.String)"},"keyword":"Then "},{"result":{"duration":2938719000,"status":"passed"},"line":18,"name":"wait a second","match":{"location":"stepDefinitions.CommonPageSteps.waitForASecond()"},"keyword":"And "},{"result":{"duration":805104800,"status":"passed"},"line":19,"name":"The column \"Employment Status\" will display value \"full-time\"","match":{"arguments":[{"val":"\"Employment Status\"","offset":11},{"val":"\"full-time\"","offset":50}],"location":"stepDefinitions.CommonPageSteps.verifyTextDisplayedInTable(java.lang.String,java.lang.String)"},"keyword":"And "}]}],"name":"Add new Employment Status","description":"","id":"add-new-employment-status","keyword":"Feature","uri":"file:src/test/java/features/04_admin_employment_status.feature","tags":[]},{"line":2,"elements":[{"start_timestamp":"2024-12-10T14:47:09.130Z","line":26,"name":"Add new Employee","description":"","id":"add-new-employee;add-new-employee;;2","type":"scenario","keyword":"Scenario Outline","steps":[{"result":{"duration":2674398600,"status":"passed"},"line":5,"name":"Open \"PIM\" in main menu","match":{"arguments":[{"val":"\"PIM\"","offset":5}],"location":"stepDefinitions.CommonPageSteps.openMainMenu(java.lang.String)"},"keyword":"Given "},{"result":{"duration":1531753400,"status":"passed"},"line":6,"name":"Navigate to \"Add Employee\" page in header menu","match":{"arguments":[{"val":"\"Add Employee\"","offset":12}],"location":"stepDefinitions.CommonPageSteps.navigateToPageInHeaderMenu(java.lang.String)"},"keyword":"And "},{"result":{"duration":130587100,"status":"passed"},"line":7,"name":"Input to \"firstName\" textbox name with value \"John\"","match":{"arguments":[{"val":"\"firstName\"","offset":9},{"val":"\"John\"","offset":45}],"location":"stepDefinitions.CommonPageSteps.inputToTextboxNameWithValue(java.lang.String,java.lang.String)"},"keyword":"When "},{"result":{"duration":119024700,"status":"passed"},"line":8,"name":"Input to \"lastName\" textbox name with value \"Brown\"","match":{"arguments":[{"val":"\"lastName\"","offset":9},{"val":"\"Brown\"","offset":44}],"location":"stepDefinitions.CommonPageSteps.inputToTextboxNameWithValue(java.lang.String,java.lang.String)"},"keyword":"And "},{"result":{"duration":31136600,"status":"passed"},"line":9,"name":"Remember \"Employee Id\"","match":{"arguments":[{"val":"\"Employee Id\"","offset":9}],"location":"stepDefinitions.CommonPageSteps.remember(java.lang.String)"},"keyword":"And "},{"result":{"duration":78825000,"status":"passed"},"line":10,"name":"Click to \"Save\" button","match":{"arguments":[{"val":"\"Save\"","offset":9}],"location":"stepDefinitions.CommonPageSteps.clickToButton(java.lang.String)"},"keyword":"And "},{"result":{"duration":1303302600,"status":"passed"},"line":11,"name":"Success message \"Successfully Saved\" displayed","match":{"arguments":[{"val":"\"Successfully Saved\"","offset":16}],"location":"stepDefinitions.CommonPageSteps.successMessageDisplayed(java.lang.String)"},"keyword":"Then "},{"result":{"duration":2995515400,"status":"passed"},"line":12,"name":"wait a second","match":{"location":"stepDefinitions.CommonPageSteps.waitForASecond()"},"keyword":"And "},{"result":{"duration":1538858900,"status":"passed"},"line":13,"name":"wait a second","match":{"location":"stepDefinitions.CommonPageSteps.waitForASecond()"},"keyword":"And "},{"result":{"duration":31048600,"status":"passed"},"line":14,"name":"Verify \"firstName\" textbox name displays \"John\"","match":{"arguments":[{"val":"\"firstName\"","offset":7},{"val":"\"John\"","offset":41}],"location":"stepDefinitions.CommonPageSteps.verifyTextboxNameDisplays(java.lang.String,java.lang.String)"},"keyword":"And "},{"result":{"duration":22667400,"status":"passed"},"line":15,"name":"Verify \"lastName\" textbox name displays \"Brown\"","match":{"arguments":[{"val":"\"lastName\"","offset":7},{"val":"\"Brown\"","offset":40}],"location":"stepDefinitions.CommonPageSteps.verifyTextboxNameDisplays(java.lang.String,java.lang.String)"},"keyword":"And "},{"result":{"duration":27857100,"status":"passed"},"line":16,"name":"Verify \"Employee Id\" textbox text displays \"001\"","match":{"arguments":[{"val":"\"Employee Id\"","offset":7},{"val":"\"001\"","offset":43}],"location":"stepDefinitions.CommonPageSteps.verifyTextboxTextDisplays(java.lang.String,java.lang.String)"},"keyword":"And "},{"result":{"duration":1595293400,"status":"passed"},"line":17,"name":"Navigate to \"Employee List\" page in header menu","match":{"arguments":[{"val":"\"Employee List\"","offset":12}],"location":"stepDefinitions.CommonPageSteps.navigateToPageInHeaderMenu(java.lang.String)"},"keyword":"When "},{"result":{"duration":139441600,"status":"passed"},"line":18,"name":"Input to \"Employee Id\" textbox with value \"001\"","match":{"arguments":[{"val":"\"Employee Id\"","offset":9},{"val":"\"001\"","offset":42}],"location":"stepDefinitions.CommonPageSteps.inputToTextboxWithValue(java.lang.String,java.lang.String)"},"keyword":"And "},{"result":{"duration":89888700,"status":"passed"},"line":19,"name":"Click to \"Search\" button","match":{"arguments":[{"val":"\"Search\"","offset":9}],"location":"stepDefinitions.CommonPageSteps.clickToButton(java.lang.String)"},"keyword":"And "},{"result":{"duration":437304900,"status":"passed"},"line":20,"name":"Verify the column \"Id\" displays value \"001\"","match":{"arguments":[{"val":"\"Id\"","offset":18},{"val":"\"001\"","offset":38}],"location":"stepDefinitions.CommonPageSteps.verifyTheValueDisplayedAtTheColumn(java.lang.String,java.lang.String)"},"keyword":"Then "},{"result":{"duration":31277900,"status":"passed"},"line":21,"name":"Verify the column \"First (& Middle) Name\" displays value \"John\"","match":{"arguments":[{"val":"\"First (& Middle) Name\"","offset":18},{"val":"\"John\"","offset":57}],"location":"stepDefinitions.CommonPageSteps.verifyTheValueDisplayedAtTheColumn(java.lang.String,java.lang.String)"},"keyword":"And "},{"result":{"duration":28210200,"status":"passed"},"line":22,"name":"Verify the column \"Last Name\" displays value \"Brown\"","match":{"arguments":[{"val":"\"Last Name\"","offset":18},{"val":"\"Brown\"","offset":45}],"location":"stepDefinitions.CommonPageSteps.verifyTheValueDisplayedAtTheColumn(java.lang.String,java.lang.String)"},"keyword":"And "}]},{"start_timestamp":"2024-12-10T14:47:21.949Z","line":49,"name":"Update Personal Details for employee","description":"","id":"add-new-employee;update-personal-details-for-employee;personal-detail-information;2","type":"scenario","keyword":"Scenario Outline","steps":[{"result":{"duration":716486500,"status":"passed"},"line":29,"name":"Verify the column \"Id\" displays value \"001\"","match":{"arguments":[{"val":"\"Id\"","offset":18},{"val":"\"001\"","offset":38}],"location":"stepDefinitions.CommonPageSteps.verifyTheValueDisplayedAtTheColumn(java.lang.String,java.lang.String)"},"keyword":"Given "},{"result":{"duration":17598300,"status":"passed"},"line":30,"name":"Verify the column \"First (& Middle) Name\" displays value \"John\"","match":{"arguments":[{"val":"\"First (& Middle) Name\"","offset":18},{"val":"\"John\"","offset":57}],"location":"stepDefinitions.CommonPageSteps.verifyTheValueDisplayedAtTheColumn(java.lang.String,java.lang.String)"},"keyword":"And "},{"result":{"duration":19215700,"status":"passed"},"line":31,"name":"Verify the column \"Last Name\" displays value \"Brown\"","match":{"arguments":[{"val":"\"Last Name\"","offset":18},{"val":"\"Brown\"","offset":45}],"location":"stepDefinitions.CommonPageSteps.verifyTheValueDisplayedAtTheColumn(java.lang.String,java.lang.String)"},"keyword":"And "},{"result":{"duration":2074869900,"status":"passed"},"line":32,"name":"Click on the \"bi-pencil-fill\" icon of employee has ID \"001\"","match":{"arguments":[{"val":"\"bi-pencil-fill\"","offset":13},{"val":"\"001\"","offset":54}],"location":"stepDefinitions.PIM.EmployeeListPageSteps.clickToIcon(java.lang.String,java.lang.String)"},"keyword":"When "},{"result":{"duration":32469900,"status":"passed"},"line":33,"name":"The \"Personal Details\" page will displayed","match":{"arguments":[{"val":"\"Personal Details\"","offset":4}],"location":"stepDefinitions.CommonPageSteps.thePageWillDisplayed(java.lang.String)"},"keyword":"And "},{"result":{"duration":23777100,"status":"passed"},"line":34,"name":"Verify \"firstName\" textbox name displays \"John\"","match":{"arguments":[{"val":"\"firstName\"","offset":7},{"val":"\"John\"","offset":41}],"location":"stepDefinitions.CommonPageSteps.verifyTextboxNameDisplays(java.lang.String,java.lang.String)"},"keyword":"Then "},{"result":{"duration":20944500,"status":"passed"},"line":35,"name":"Verify \"lastName\" textbox name displays \"Brown\"","match":{"arguments":[{"val":"\"lastName\"","offset":7},{"val":"\"Brown\"","offset":40}],"location":"stepDefinitions.CommonPageSteps.verifyTextboxNameDisplays(java.lang.String,java.lang.String)"},"keyword":"And "},{"result":{"duration":28912900,"status":"passed"},"line":36,"name":"Verify \"Employee Id\" textbox text displays \"001\"","match":{"arguments":[{"val":"\"Employee Id\"","offset":7},{"val":"\"001\"","offset":43}],"location":"stepDefinitions.CommonPageSteps.verifyTextboxTextDisplays(java.lang.String,java.lang.String)"},"keyword":"And "},{"result":{"duration":4751150400,"status":"passed"},"line":37,"name":"Input Personal Detail information with data","match":{"location":"stepDefinitions.PIM.PersonalDetailsPageSteps.inputPersonalDetailInformationWithData(io.cucumber.datatable.DataTable)"},"rows":[{"cells":["licenseNumber","licenseExpiryDate","nationality","maritalStatus","dateOfBirth","gender"]},{"cells":["D08954796","2024/01/03","American","Married","1998/03/02","Male"]}],"keyword":"When "},{"result":{"duration":76725000,"status":"passed"},"line":40,"name":"Click to Save button of \"Personal Details\"","match":{"arguments":[{"val":"\"Personal Details\"","offset":24}],"location":"stepDefinitions.CommonPageSteps.clickToSaveButtonWithHeaderName(java.lang.String)"},"keyword":"And "},{"result":{"error_message":"org.openqa.selenium.TimeoutException: Expected condition failed: waiting for visibility of element located by By.xpath: //p[contains(@class,'oxd-text--toast-message') and text()='Successfully Updated'] (tried for 30 second(s) with 500 milliseconds interval)\r\n\tat org.openqa.selenium.support.ui.WebDriverWait.timeoutException(WebDriverWait.java:84)\r\n\tat org.openqa.selenium.support.ui.FluentWait.until(FluentWait.java:228)\r\n\tat commons.BasePage.waitForElementVisible(BasePage.java:412)\r\n\tat pageObjects.CommonPageObject.isSuccessMessageDisplayed(CommonPageObject.java:41)\r\n\tat stepDefinitions.CommonPageSteps.successMessageDisplayed(CommonPageSteps.java:125)\r\n\tat ✽.Success message \"Successfully Updated\" displayed(file:///D:/Automation%20testing/03%20-%20Java%20Hybrid%20Framework/orangehrm-selenium-cucumber/src/test/java/features/05_pim_employee.feature:41)\r\nCaused by: org.openqa.selenium.NoSuchWindowException: no such window: target window already closed\nfrom unknown error: web view not found\n  (Session info: chrome=131.0.6778.109)\nBuild info: version: '4.21.0', revision: '79ed462ef4'\nSystem info: os.name: 'Windows 10', os.arch: 'amd64', os.version: '10.0', java.version: '17.0.11'\nDriver info: org.openqa.selenium.chrome.ChromeDriver\nCommand: [d698ee63a4da3c8c9799af8b6379af35, findElement {using=xpath, value=//p[contains(@class,'oxd-text--toast-message') and text()='Successfully Updated']}]\nCapabilities {acceptInsecureCerts: false, browserName: chrome, browserVersion: 131.0.6778.109, chrome: {chromedriverVersion: 131.0.6778.87 (ce31cae94873..., userDataDir: C:\\Users\\DELL\\AppData\\Local...}, fedcm:accounts: true, goog:chromeOptions: {debuggerAddress: localhost:63761}, networkConnectionEnabled: false, pageLoadStrategy: normal, platformName: windows, proxy: Proxy(), se:cdp: ws://localhost:63761/devtoo..., se:cdpVersion: 131.0.6778.109, setWindowRect: true, strictFileInteractability: false, timeouts: {implicit: 0, pageLoad: 300000, script: 30000}, unhandledPromptBehavior: dismiss and notify, webauthn:extension:credBlob: true, webauthn:extension:largeBlob: true, webauthn:extension:minPinLength: true, webauthn:extension:prf: true, webauthn:virtualAuthenticators: true}\nSession ID: d698ee63a4da3c8c9799af8b6379af35\r\n\tat jdk.internal.reflect.GeneratedConstructorAccessor18.newInstance(Unknown Source)\r\n\tat java.base/jdk.internal.reflect.DelegatingConstructorAccessorImpl.newInstance(DelegatingConstructorAccessorImpl.java:45)\r\n\tat java.base/java.lang.reflect.Constructor.newInstanceWithCaller(Constructor.java:499)\r\n\tat java.base/java.lang.reflect.Constructor.newInstance(Constructor.java:480)\r\n\tat org.openqa.selenium.remote.ErrorCodec.decode(ErrorCodec.java:167)\r\n\tat org.openqa.selenium.remote.codec.w3c.W3CHttpResponseCodec.decode(W3CHttpResponseCodec.java:138)\r\n\tat org.openqa.selenium.remote.codec.w3c.W3CHttpResponseCodec.decode(W3CHttpResponseCodec.java:50)\r\n\tat org.openqa.selenium.remote.HttpCommandExecutor.execute(HttpCommandExecutor.java:190)\r\n\tat org.openqa.selenium.remote.service.DriverCommandExecutor.invokeExecute(DriverCommandExecutor.java:216)\r\n\tat org.openqa.selenium.remote.service.DriverCommandExecutor.execute(DriverCommandExecutor.java:174)\r\n\tat org.openqa.selenium.remote.RemoteWebDriver.execute(RemoteWebDriver.java:518)\r\n\tat org.openqa.selenium.remote.ElementLocation$ElementFinder$2.findElement(ElementLocation.java:165)\r\n\tat org.openqa.selenium.remote.ElementLocation.findElement(ElementLocation.java:59)\r\n\tat org.openqa.selenium.remote.RemoteWebDriver.findElement(RemoteWebDriver.java:355)\r\n\tat org.openqa.selenium.remote.RemoteWebDriver.findElement(RemoteWebDriver.java:349)\r\n\tat org.openqa.selenium.support.ui.ExpectedConditions$7.apply(ExpectedConditions.java:194)\r\n\tat org.openqa.selenium.support.ui.ExpectedConditions$7.apply(ExpectedConditions.java:190)\r\n\tat org.openqa.selenium.support.ui.FluentWait.until(FluentWait.java:203)\r\n\tat commons.BasePage.waitForElementVisible(BasePage.java:412)\r\n\tat pageObjects.CommonPageObject.isSuccessMessageDisplayed(CommonPageObject.java:41)\r\n\tat stepDefinitions.CommonPageSteps.successMessageDisplayed(CommonPageSteps.java:125)\r\n\tat java.base/jdk.internal.reflect.NativeMethodAccessorImpl.invoke0(Native Method)\r\n\tat java.base/jdk.internal.reflect.NativeMethodAccessorImpl.invoke(NativeMethodAccessorImpl.java:77)\r\n\tat java.base/jdk.internal.reflect.DelegatingMethodAccessorImpl.invoke(DelegatingMethodAccessorImpl.java:43)\r\n\tat java.base/java.lang.reflect.Method.invoke(Method.java:568)\r\n\tat io.cucumber.java.Invoker.doInvoke(Invoker.java:66)\r\n\tat io.cucumber.java.Invoker.invoke(Invoker.java:24)\r\n\tat io.cucumber.java.AbstractGlueDefinition.invokeMethod(AbstractGlueDefinition.java:47)\r\n\tat io.cucumber.java.JavaStepDefinition.execute(JavaStepDefinition.java:29)\r\n\tat io.cucumber.core.runner.CoreStepDefinition.execute(CoreStepDefinition.java:66)\r\n\tat io.cucumber.core.runner.PickleStepDefinitionMatch.runStep(PickleStepDefinitionMatch.java:62)\r\n\tat io.cucumber.core.runner.ExecutionMode$1.execute(ExecutionMode.java:10)\r\n\tat io.cucumber.core.runner.TestStep.executeStep(TestStep.java:81)\r\n\tat io.cucumber.core.runner.TestStep.run(TestStep.java:53)\r\n\tat io.cucumber.core.runner.PickleStepTestStep.run(PickleStepTestStep.java:51)\r\n\tat io.cucumber.core.runner.TestCase.run(TestCase.java:84)\r\n\tat io.cucumber.core.runner.Runner.runPickle(Runner.java:75)\r\n\tat io.cucumber.testng.TestNGCucumberRunner.lambda$runScenario$1(TestNGCucumberRunner.java:135)\r\n\tat io.cucumber.core.runtime.CucumberExecutionContext.lambda$runTestCase$5(CucumberExecutionContext.java:136)\r\n\tat io.cucumber.core.runtime.RethrowingThrowableCollector.executeAndThrow(RethrowingThrowableCollector.java:23)\r\n\tat io.cucumber.core.runtime.CucumberExecutionContext.runTestCase(CucumberExecutionContext.java:136)\r\n\tat io.cucumber.testng.TestNGCucumberRunner.runScenario(TestNGCucumberRunner.java:132)\r\n\tat io.cucumber.testng.AbstractTestNGCucumberTests.runScenario(AbstractTestNGCucumberTests.java:35)\r\n\tat java.base/jdk.internal.reflect.NativeMethodAccessorImpl.invoke0(Native Method)\r\n\tat java.base/jdk.internal.reflect.NativeMethodAccessorImpl.invoke(NativeMethodAccessorImpl.java:77)\r\n\tat java.base/jdk.internal.reflect.DelegatingMethodAccessorImpl.invoke(DelegatingMethodAccessorImpl.java:43)\r\n\tat java.base/java.lang.reflect.Method.invoke(Method.java:568)\r\n\tat org.testng.internal.invokers.MethodInvocationHelper.invokeMethod(MethodInvocationHelper.java:141)\r\n\tat org.testng.internal.invokers.TestInvoker.invokeMethod(TestInvoker.java:686)\r\n\tat org.testng.internal.invokers.TestInvoker.invokeTestMethod(TestInvoker.java:230)\r\n\tat org.testng.internal.invokers.MethodRunner.runInSequence(MethodRunner.java:63)\r\n\tat org.testng.internal.invokers.TestInvoker$MethodInvocationAgent.invoke(TestInvoker.java:992)\r\n\tat org.testng.internal.invokers.TestInvoker.invokeTestMethods(TestInvoker.java:203)\r\n\tat org.testng.internal.invokers.TestMethodWorker.invokeTestMethods(TestMethodWorker.java:154)\r\n\tat org.testng.internal.invokers.TestMethodWorker.run(TestMethodWorker.java:134)\r\n\tat java.base/java.util.ArrayList.forEach(ArrayList.java:1511)\r\n\tat org.testng.TestRunner.privateRun(TestRunner.java:739)\r\n\tat org.testng.TestRunner.run(TestRunner.java:614)\r\n\tat org.testng.SuiteRunner.runTest(SuiteRunner.java:421)\r\n\tat org.testng.SuiteRunner.runSequentially(SuiteRunner.java:413)\r\n\tat org.testng.SuiteRunner.privateRun(SuiteRunner.java:373)\r\n\tat org.testng.SuiteRunner.run(SuiteRunner.java:312)\r\n\tat org.testng.SuiteRunnerWorker.runSuite(SuiteRunnerWorker.java:52)\r\n\tat org.testng.SuiteRunnerWorker.run(SuiteRunnerWorker.java:95)\r\n\tat org.testng.TestNG.runSuitesSequentially(TestNG.java:1274)\r\n\tat org.testng.TestNG.runSuitesLocally(TestNG.java:1208)\r\n\tat org.testng.TestNG.runSuites(TestNG.java:1112)\r\n\tat org.testng.TestNG.run(TestNG.java:1079)\r\n\tat org.apache.maven.surefire.testng.TestNGExecutor.run(TestNGExecutor.java:155)\r\n\tat org.apache.maven.surefire.testng.TestNGDirectoryTestSuite.executeSingleClass(TestNGDirectoryTestSuite.java:102)\r\n\tat org.apache.maven.surefire.testng.TestNGDirectoryTestSuite.execute(TestNGDirectoryTestSuite.java:91)\r\n\tat org.apache.maven.surefire.testng.TestNGProvider.invoke(TestNGProvider.java:137)\r\n\tat org.apache.maven.surefire.booter.ForkedBooter.runSuitesInProcess(ForkedBooter.java:385)\r\n\tat org.apache.maven.surefire.booter.ForkedBooter.execute(ForkedBooter.java:162)\r\n\tat org.apache.maven.surefire.booter.ForkedBooter.run(ForkedBooter.java:507)\r\n\tat org.apache.maven.surefire.booter.ForkedBooter.main(ForkedBooter.java:495)\r\n","duration":30420544400,"status":"failed"},"line":41,"name":"Success message \"Successfully Updated\" displayed","match":{"arguments":[{"val":"\"Successfully Updated\"","offset":16}],"location":"stepDefinitions.CommonPageSteps.successMessageDisplayed(java.lang.String)"},"keyword":"Then "},{"result":{"status":"skipped"},"line":42,"name":"wait a second","match":{"location":"stepDefinitions.CommonPageSteps.waitForASecond()"},"keyword":"And "},{"result":{"status":"skipped"},"line":43,"name":"Personal Detail information displayed correct as input","match":{"location":"stepDefinitions.PIM.PersonalDetailsPageSteps.personalDetailInformationDisplayedCorrect(io.cucumber.datatable.DataTable)"},"rows":[{"cells":["licenseNumber","licenseExpiryDate","nationality","maritalStatus","dateOfBirth","gender"]},{"cells":["D08954796","2024/01/03","American","Married","1998/03/02","Male"]}],"keyword":"And "}]},{"start_timestamp":"2024-12-10T14:48:00.148Z","line":62,"name":"Upload Avatar for employee","description":"","id":"add-new-employee;upload-avatar-for-employee;;2","type":"scenario","keyword":"Scenario Outline","steps":[{"result":{"error_message":"org.openqa.selenium.TimeoutException: Expected condition failed: waiting for element to be clickable: By.cssSelector: img.employee-image (tried for 30 second(s) with 500 milliseconds interval)\r\n\tat org.openqa.selenium.support.ui.WebDriverWait.timeoutException(WebDriverWait.java:84)\r\n\tat org.openqa.selenium.support.ui.FluentWait.until(FluentWait.java:228)\r\n\tat commons.BasePage.waitForElementClickable(BasePage.java:432)\r\n\tat pageObjects.PIMPageObjects.PersonalDetailsPageObject.clickToAvatarImg(PersonalDetailsPageObject.java:18)\r\n\tat stepDefinitions.PIM.PersonalDetailsPageSteps.clickToAvatarPicture(PersonalDetailsPageSteps.java:49)\r\n\tat ✽.Click to Avatar picture(file:///D:/Automation%20testing/03%20-%20Java%20Hybrid%20Framework/orangehrm-selenium-cucumber/src/test/java/features/05_pim_employee.feature:52)\r\nCaused by: org.openqa.selenium.NoSuchWindowException: no such window: target window already closed\nfrom unknown error: web view not found\n  (Session info: chrome=131.0.6778.109)\nBuild info: version: '4.21.0', revision: '79ed462ef4'\nSystem info: os.name: 'Windows 10', os.arch: 'amd64', os.version: '10.0', java.version: '17.0.11'\nDriver info: org.openqa.selenium.chrome.ChromeDriver\nCommand: [d698ee63a4da3c8c9799af8b6379af35, findElement {using=css selector, value=img.employee-image}]\nCapabilities {acceptInsecureCerts: false, browserName: chrome, browserVersion: 131.0.6778.109, chrome: {chromedriverVersion: 131.0.6778.87 (ce31cae94873..., userDataDir: C:\\Users\\DELL\\AppData\\Local...}, fedcm:accounts: true, goog:chromeOptions: {debuggerAddress: localhost:63761}, networkConnectionEnabled: false, pageLoadStrategy: normal, platformName: windows, proxy: Proxy(), se:cdp: ws://localhost:63761/devtoo..., se:cdpVersion: 131.0.6778.109, setWindowRect: true, strictFileInteractability: false, timeouts: {implicit: 0, pageLoad: 300000, script: 30000}, unhandledPromptBehavior: dismiss and notify, webauthn:extension:credBlob: true, webauthn:extension:largeBlob: true, webauthn:extension:minPinLength: true, webauthn:extension:prf: true, webauthn:virtualAuthenticators: true}\nSession ID: d698ee63a4da3c8c9799af8b6379af35\r\n\tat jdk.internal.reflect.GeneratedConstructorAccessor18.newInstance(Unknown Source)\r\n\tat java.base/jdk.internal.reflect.DelegatingConstructorAccessorImpl.newInstance(DelegatingConstructorAccessorImpl.java:45)\r\n\tat java.base/java.lang.reflect.Constructor.newInstanceWithCaller(Constructor.java:499)\r\n\tat java.base/java.lang.reflect.Constructor.newInstance(Constructor.java:480)\r\n\tat org.openqa.selenium.remote.ErrorCodec.decode(ErrorCodec.java:167)\r\n\tat org.openqa.selenium.remote.codec.w3c.W3CHttpResponseCodec.decode(W3CHttpResponseCodec.java:138)\r\n\tat org.openqa.selenium.remote.codec.w3c.W3CHttpResponseCodec.decode(W3CHttpResponseCodec.java:50)\r\n\tat org.openqa.selenium.remote.HttpCommandExecutor.execute(HttpCommandExecutor.java:190)\r\n\tat org.openqa.selenium.remote.service.DriverCommandExecutor.invokeExecute(DriverCommandExecutor.java:216)\r\n\tat org.openqa.selenium.remote.service.DriverCommandExecutor.execute(DriverCommandExecutor.java:174)\r\n\tat org.openqa.selenium.remote.RemoteWebDriver.execute(RemoteWebDriver.java:518)\r\n\tat org.openqa.selenium.remote.ElementLocation$ElementFinder$2.findElement(ElementLocation.java:165)\r\n\tat org.openqa.selenium.remote.ElementLocation.findElement(ElementLocation.java:59)\r\n\tat org.openqa.selenium.remote.RemoteWebDriver.findElement(RemoteWebDriver.java:355)\r\n\tat org.openqa.selenium.remote.RemoteWebDriver.findElement(RemoteWebDriver.java:349)\r\n\tat org.openqa.selenium.support.ui.ExpectedConditions$7.apply(ExpectedConditions.java:194)\r\n\tat org.openqa.selenium.support.ui.ExpectedConditions$7.apply(ExpectedConditions.java:190)\r\n\tat org.openqa.selenium.support.ui.ExpectedConditions$22.apply(ExpectedConditions.java:627)\r\n\tat org.openqa.selenium.support.ui.ExpectedConditions$22.apply(ExpectedConditions.java:624)\r\n\tat org.openqa.selenium.support.ui.FluentWait.until(FluentWait.java:203)\r\n\tat commons.BasePage.waitForElementClickable(BasePage.java:432)\r\n\tat pageObjects.PIMPageObjects.PersonalDetailsPageObject.clickToAvatarImg(PersonalDetailsPageObject.java:18)\r\n\tat stepDefinitions.PIM.PersonalDetailsPageSteps.clickToAvatarPicture(PersonalDetailsPageSteps.java:49)\r\n\tat java.base/jdk.internal.reflect.NativeMethodAccessorImpl.invoke0(Native Method)\r\n\tat java.base/jdk.internal.reflect.NativeMethodAccessorImpl.invoke(NativeMethodAccessorImpl.java:77)\r\n\tat java.base/jdk.internal.reflect.DelegatingMethodAccessorImpl.invoke(DelegatingMethodAccessorImpl.java:43)\r\n\tat java.base/java.lang.reflect.Method.invoke(Method.java:568)\r\n\tat io.cucumber.java.Invoker.doInvoke(Invoker.java:66)\r\n\tat io.cucumber.java.Invoker.invoke(Invoker.java:24)\r\n\tat io.cucumber.java.AbstractGlueDefinition.invokeMethod(AbstractGlueDefinition.java:47)\r\n\tat io.cucumber.java.JavaStepDefinition.execute(JavaStepDefinition.java:29)\r\n\tat io.cucumber.core.runner.CoreStepDefinition.execute(CoreStepDefinition.java:66)\r\n\tat io.cucumber.core.runner.PickleStepDefinitionMatch.runStep(PickleStepDefinitionMatch.java:62)\r\n\tat io.cucumber.core.runner.ExecutionMode$1.execute(ExecutionMode.java:10)\r\n\tat io.cucumber.core.runner.TestStep.executeStep(TestStep.java:81)\r\n\tat io.cucumber.core.runner.TestStep.run(TestStep.java:53)\r\n\tat io.cucumber.core.runner.PickleStepTestStep.run(PickleStepTestStep.java:51)\r\n\tat io.cucumber.core.runner.TestCase.run(TestCase.java:84)\r\n\tat io.cucumber.core.runner.Runner.runPickle(Runner.java:75)\r\n\tat io.cucumber.testng.TestNGCucumberRunner.lambda$runScenario$1(TestNGCucumberRunner.java:135)\r\n\tat io.cucumber.core.runtime.CucumberExecutionContext.lambda$runTestCase$5(CucumberExecutionContext.java:136)\r\n\tat io.cucumber.core.runtime.RethrowingThrowableCollector.executeAndThrow(RethrowingThrowableCollector.java:23)\r\n\tat io.cucumber.core.runtime.CucumberExecutionContext.runTestCase(CucumberExecutionContext.java:136)\r\n\tat io.cucumber.testng.TestNGCucumberRunner.runScenario(TestNGCucumberRunner.java:132)\r\n\tat io.cucumber.testng.AbstractTestNGCucumberTests.runScenario(AbstractTestNGCucumberTests.java:35)\r\n\tat java.base/jdk.internal.reflect.NativeMethodAccessorImpl.invoke0(Native Method)\r\n\tat java.base/jdk.internal.reflect.NativeMethodAccessorImpl.invoke(NativeMethodAccessorImpl.java:77)\r\n\tat java.base/jdk.internal.reflect.DelegatingMethodAccessorImpl.invoke(DelegatingMethodAccessorImpl.java:43)\r\n\tat java.base/java.lang.reflect.Method.invoke(Method.java:568)\r\n\tat org.testng.internal.invokers.MethodInvocationHelper.invokeMethod(MethodInvocationHelper.java:141)\r\n\tat org.testng.internal.invokers.TestInvoker.invokeMethod(TestInvoker.java:686)\r\n\tat org.testng.internal.invokers.TestInvoker.invokeTestMethod(TestInvoker.java:230)\r\n\tat org.testng.internal.invokers.MethodRunner.runInSequence(MethodRunner.java:63)\r\n\tat org.testng.internal.invokers.TestInvoker$MethodInvocationAgent.invoke(TestInvoker.java:992)\r\n\tat org.testng.internal.invokers.TestInvoker.invokeTestMethods(TestInvoker.java:203)\r\n\tat org.testng.internal.invokers.TestMethodWorker.invokeTestMethods(TestMethodWorker.java:154)\r\n\tat org.testng.internal.invokers.TestMethodWorker.run(TestMethodWorker.java:134)\r\n\tat java.base/java.util.ArrayList.forEach(ArrayList.java:1511)\r\n\tat org.testng.TestRunner.privateRun(TestRunner.java:739)\r\n\tat org.testng.TestRunner.run(TestRunner.java:614)\r\n\tat org.testng.SuiteRunner.runTest(SuiteRunner.java:421)\r\n\tat org.testng.SuiteRunner.runSequentially(SuiteRunner.java:413)\r\n\tat org.testng.SuiteRunner.privateRun(SuiteRunner.java:373)\r\n\tat org.testng.SuiteRunner.run(SuiteRunner.java:312)\r\n\tat org.testng.SuiteRunnerWorker.runSuite(SuiteRunnerWorker.java:52)\r\n\tat org.testng.SuiteRunnerWorker.run(SuiteRunnerWorker.java:95)\r\n\tat org.testng.TestNG.runSuitesSequentially(TestNG.java:1274)\r\n\tat org.testng.TestNG.runSuitesLocally(TestNG.java:1208)\r\n\tat org.testng.TestNG.runSuites(TestNG.java:1112)\r\n\tat org.testng.TestNG.run(TestNG.java:1079)\r\n\tat org.apache.maven.surefire.testng.TestNGExecutor.run(TestNGExecutor.java:155)\r\n\tat org.apache.maven.surefire.testng.TestNGDirectoryTestSuite.executeSingleClass(TestNGDirectoryTestSuite.java:102)\r\n\tat org.apache.maven.surefire.testng.TestNGDirectoryTestSuite.execute(TestNGDirectoryTestSuite.java:91)\r\n\tat org.apache.maven.surefire.testng.TestNGProvider.invoke(TestNGProvider.java:137)\r\n\tat org.apache.maven.surefire.booter.ForkedBooter.runSuitesInProcess(ForkedBooter.java:385)\r\n\tat org.apache.maven.surefire.booter.ForkedBooter.execute(ForkedBooter.java:162)\r\n\tat org.apache.maven.surefire.booter.ForkedBooter.run(ForkedBooter.java:507)\r\n\tat org.apache.maven.surefire.booter.ForkedBooter.main(ForkedBooter.java:495)\r\n","duration":30297089000,"status":"failed"},"line":52,"name":"Click to Avatar picture","match":{"location":"stepDefinitions.PIM.PersonalDetailsPageSteps.clickToAvatarPicture()"},"keyword":"Given "},{"result":{"status":"skipped"},"line":53,"name":"The \"Change Profile Picture\" page will displayed","match":{"arguments":[{"val":"\"Change Profile Picture\"","offset":4}],"location":"stepDefinitions.CommonPageSteps.thePageWillDisplayed(java.lang.String)"},"keyword":"And "},{"result":{"status":"skipped"},"line":54,"name":"Upload Avatar picture \"image01.jpg\"","match":{"arguments":[{"val":"\"image01.jpg\"","offset":22}],"location":"stepDefinitions.PIM.ChangeProfilePicturePageSteps.uploadAvatarPicture(java.lang.String)"},"keyword":"When "},{"result":{"status":"skipped"},"line":55,"name":"Avatar picture \"image01.jpg\" loaded successfully","match":{"arguments":[{"val":"\"image01.jpg\"","offset":15}],"location":"stepDefinitions.PIM.ChangeProfilePicturePageSteps.AvatarLoadedSuccess(java.lang.String)"},"keyword":"Then "},{"result":{"status":"skipped"},"line":56,"name":"Click to \"Save\" button","match":{"arguments":[{"val":"\"Save\"","offset":9}],"location":"stepDefinitions.CommonPageSteps.clickToButton(java.lang.String)"},"keyword":"When "},{"result":{"status":"skipped"},"line":57,"name":"Success message \"Successfully Updated\" displayed","match":{"arguments":[{"val":"\"Successfully Updated\"","offset":16}],"location":"stepDefinitions.CommonPageSteps.successMessageDisplayed(java.lang.String)"},"keyword":"Then "},{"result":{"status":"skipped"},"line":58,"name":"wait a second","match":{"location":"stepDefinitions.CommonPageSteps.waitForASecond()"},"keyword":"And "}]},{"start_timestamp":"2024-12-10T14:48:30.454Z","line":79,"name":"Update Contact Details for employee","description":"","id":"add-new-employee;update-contact-details-for-employee;contact-details-information;2","type":"scenario","keyword":"Scenario Outline","steps":[{"result":{"error_message":"org.openqa.selenium.TimeoutException: Expected condition failed: waiting for element to be clickable: By.xpath: //a[text()='Contact Details'] (tried for 30 second(s) with 500 milliseconds interval)\r\n\tat org.openqa.selenium.support.ui.WebDriverWait.timeoutException(WebDriverWait.java:84)\r\n\tat org.openqa.selenium.support.ui.FluentWait.until(FluentWait.java:228)\r\n\tat commons.BasePage.waitForElementClickable(BasePage.java:440)\r\n\tat pageObjects.CommonPageObject.clickToNavTabItemByText(CommonPageObject.java:30)\r\n\tat stepDefinitions.CommonPageSteps.navigateToPageInHeaderMenu(CommonPageSteps.java:155)\r\n\tat ✽.Navigate to \"Contact Details\" page in header menu(file:///D:/Automation%20testing/03%20-%20Java%20Hybrid%20Framework/orangehrm-selenium-cucumber/src/test/java/features/05_pim_employee.feature:65)\r\nCaused by: org.openqa.selenium.NoSuchWindowException: no such window: target window already closed\nfrom unknown error: web view not found\n  (Session info: chrome=131.0.6778.109)\nBuild info: version: '4.21.0', revision: '79ed462ef4'\nSystem info: os.name: 'Windows 10', os.arch: 'amd64', os.version: '10.0', java.version: '17.0.11'\nDriver info: org.openqa.selenium.chrome.ChromeDriver\nCommand: [d698ee63a4da3c8c9799af8b6379af35, findElement {using=xpath, value=//a[text()='Contact Details']}]\nCapabilities {acceptInsecureCerts: false, browserName: chrome, browserVersion: 131.0.6778.109, chrome: {chromedriverVersion: 131.0.6778.87 (ce31cae94873..., userDataDir: C:\\Users\\DELL\\AppData\\Local...}, fedcm:accounts: true, goog:chromeOptions: {debuggerAddress: localhost:63761}, networkConnectionEnabled: false, pageLoadStrategy: normal, platformName: windows, proxy: Proxy(), se:cdp: ws://localhost:63761/devtoo..., se:cdpVersion: 131.0.6778.109, setWindowRect: true, strictFileInteractability: false, timeouts: {implicit: 0, pageLoad: 300000, script: 30000}, unhandledPromptBehavior: dismiss and notify, webauthn:extension:credBlob: true, webauthn:extension:largeBlob: true, webauthn:extension:minPinLength: true, webauthn:extension:prf: true, webauthn:virtualAuthenticators: true}\nSession ID: d698ee63a4da3c8c9799af8b6379af35\r\n\tat jdk.internal.reflect.GeneratedConstructorAccessor18.newInstance(Unknown Source)\r\n\tat java.base/jdk.internal.reflect.DelegatingConstructorAccessorImpl.newInstance(DelegatingConstructorAccessorImpl.java:45)\r\n\tat java.base/java.lang.reflect.Constructor.newInstanceWithCaller(Constructor.java:499)\r\n\tat java.base/java.lang.reflect.Constructor.newInstance(Constructor.java:480)\r\n\tat org.openqa.selenium.remote.ErrorCodec.decode(ErrorCodec.java:167)\r\n\tat org.openqa.selenium.remote.codec.w3c.W3CHttpResponseCodec.decode(W3CHttpResponseCodec.java:138)\r\n\tat org.openqa.selenium.remote.codec.w3c.W3CHttpResponseCodec.decode(W3CHttpResponseCodec.java:50)\r\n\tat org.openqa.selenium.remote.HttpCommandExecutor.execute(HttpCommandExecutor.java:190)\r\n\tat org.openqa.selenium.remote.service.DriverCommandExecutor.invokeExecute(DriverCommandExecutor.java:216)\r\n\tat org.openqa.selenium.remote.service.DriverCommandExecutor.execute(DriverCommandExecutor.java:174)\r\n\tat org.openqa.selenium.remote.RemoteWebDriver.execute(RemoteWebDriver.java:518)\r\n\tat org.openqa.selenium.remote.ElementLocation$ElementFinder$2.findElement(ElementLocation.java:165)\r\n\tat org.openqa.selenium.remote.ElementLocation.findElement(ElementLocation.java:59)\r\n\tat org.openqa.selenium.remote.RemoteWebDriver.findElement(RemoteWebDriver.java:355)\r\n\tat org.openqa.selenium.remote.RemoteWebDriver.findElement(RemoteWebDriver.java:349)\r\n\tat org.openqa.selenium.support.ui.ExpectedConditions$7.apply(ExpectedConditions.java:194)\r\n\tat org.openqa.selenium.support.ui.ExpectedConditions$7.apply(ExpectedConditions.java:190)\r\n\tat org.openqa.selenium.support.ui.ExpectedConditions$22.apply(ExpectedConditions.java:627)\r\n\tat org.openqa.selenium.support.ui.ExpectedConditions$22.apply(ExpectedConditions.java:624)\r\n\tat org.openqa.selenium.support.ui.FluentWait.until(FluentWait.java:203)\r\n\tat commons.BasePage.waitForElementClickable(BasePage.java:440)\r\n\tat pageObjects.CommonPageObject.clickToNavTabItemByText(CommonPageObject.java:30)\r\n\tat stepDefinitions.CommonPageSteps.navigateToPageInHeaderMenu(CommonPageSteps.java:155)\r\n\tat java.base/jdk.internal.reflect.NativeMethodAccessorImpl.invoke0(Native Method)\r\n\tat java.base/jdk.internal.reflect.NativeMethodAccessorImpl.invoke(NativeMethodAccessorImpl.java:77)\r\n\tat java.base/jdk.internal.reflect.DelegatingMethodAccessorImpl.invoke(DelegatingMethodAccessorImpl.java:43)\r\n\tat java.base/java.lang.reflect.Method.invoke(Method.java:568)\r\n\tat io.cucumber.java.Invoker.doInvoke(Invoker.java:66)\r\n\tat io.cucumber.java.Invoker.invoke(Invoker.java:24)\r\n\tat io.cucumber.java.AbstractGlueDefinition.invokeMethod(AbstractGlueDefinition.java:47)\r\n\tat io.cucumber.java.JavaStepDefinition.execute(JavaStepDefinition.java:29)\r\n\tat io.cucumber.core.runner.CoreStepDefinition.execute(CoreStepDefinition.java:66)\r\n\tat io.cucumber.core.runner.PickleStepDefinitionMatch.runStep(PickleStepDefinitionMatch.java:62)\r\n\tat io.cucumber.core.runner.ExecutionMode$1.execute(ExecutionMode.java:10)\r\n\tat io.cucumber.core.runner.TestStep.executeStep(TestStep.java:81)\r\n\tat io.cucumber.core.runner.TestStep.run(TestStep.java:53)\r\n\tat io.cucumber.core.runner.PickleStepTestStep.run(PickleStepTestStep.java:51)\r\n\tat io.cucumber.core.runner.TestCase.run(TestCase.java:84)\r\n\tat io.cucumber.core.runner.Runner.runPickle(Runner.java:75)\r\n\tat io.cucumber.testng.TestNGCucumberRunner.lambda$runScenario$1(TestNGCucumberRunner.java:135)\r\n\tat io.cucumber.core.runtime.CucumberExecutionContext.lambda$runTestCase$5(CucumberExecutionContext.java:136)\r\n\tat io.cucumber.core.runtime.RethrowingThrowableCollector.executeAndThrow(RethrowingThrowableCollector.java:23)\r\n\tat io.cucumber.core.runtime.CucumberExecutionContext.runTestCase(CucumberExecutionContext.java:136)\r\n\tat io.cucumber.testng.TestNGCucumberRunner.runScenario(TestNGCucumberRunner.java:132)\r\n\tat io.cucumber.testng.AbstractTestNGCucumberTests.runScenario(AbstractTestNGCucumberTests.java:35)\r\n\tat java.base/jdk.internal.reflect.NativeMethodAccessorImpl.invoke0(Native Method)\r\n\tat java.base/jdk.internal.reflect.NativeMethodAccessorImpl.invoke(NativeMethodAccessorImpl.java:77)\r\n\tat java.base/jdk.internal.reflect.DelegatingMethodAccessorImpl.invoke(DelegatingMethodAccessorImpl.java:43)\r\n\tat java.base/java.lang.reflect.Method.invoke(Method.java:568)\r\n\tat org.testng.internal.invokers.MethodInvocationHelper.invokeMethod(MethodInvocationHelper.java:141)\r\n\tat org.testng.internal.invokers.TestInvoker.invokeMethod(TestInvoker.java:686)\r\n\tat org.testng.internal.invokers.TestInvoker.invokeTestMethod(TestInvoker.java:230)\r\n\tat org.testng.internal.invokers.MethodRunner.runInSequence(MethodRunner.java:63)\r\n\tat org.testng.internal.invokers.TestInvoker$MethodInvocationAgent.invoke(TestInvoker.java:992)\r\n\tat org.testng.internal.invokers.TestInvoker.invokeTestMethods(TestInvoker.java:203)\r\n\tat org.testng.internal.invokers.TestMethodWorker.invokeTestMethods(TestMethodWorker.java:154)\r\n\tat org.testng.internal.invokers.TestMethodWorker.run(TestMethodWorker.java:134)\r\n\tat java.base/java.util.ArrayList.forEach(ArrayList.java:1511)\r\n\tat org.testng.TestRunner.privateRun(TestRunner.java:739)\r\n\tat org.testng.TestRunner.run(TestRunner.java:614)\r\n\tat org.testng.SuiteRunner.runTest(SuiteRunner.java:421)\r\n\tat org.testng.SuiteRunner.runSequentially(SuiteRunner.java:413)\r\n\tat org.testng.SuiteRunner.privateRun(SuiteRunner.java:373)\r\n\tat org.testng.SuiteRunner.run(SuiteRunner.java:312)\r\n\tat org.testng.SuiteRunnerWorker.runSuite(SuiteRunnerWorker.java:52)\r\n\tat org.testng.SuiteRunnerWorker.run(SuiteRunnerWorker.java:95)\r\n\tat org.testng.TestNG.runSuitesSequentially(TestNG.java:1274)\r\n\tat org.testng.TestNG.runSuitesLocally(TestNG.java:1208)\r\n\tat org.testng.TestNG.runSuites(TestNG.java:1112)\r\n\tat org.testng.TestNG.run(TestNG.java:1079)\r\n\tat org.apache.maven.surefire.testng.TestNGExecutor.run(TestNGExecutor.java:155)\r\n\tat org.apache.maven.surefire.testng.TestNGDirectoryTestSuite.executeSingleClass(TestNGDirectoryTestSuite.java:102)\r\n\tat org.apache.maven.surefire.testng.TestNGDirectoryTestSuite.execute(TestNGDirectoryTestSuite.java:91)\r\n\tat org.apache.maven.surefire.testng.TestNGProvider.invoke(TestNGProvider.java:137)\r\n\tat org.apache.maven.surefire.booter.ForkedBooter.runSuitesInProcess(ForkedBooter.java:385)\r\n\tat org.apache.maven.surefire.booter.ForkedBooter.execute(ForkedBooter.java:162)\r\n\tat org.apache.maven.surefire.booter.ForkedBooter.run(ForkedBooter.java:507)\r\n\tat org.apache.maven.surefire.booter.ForkedBooter.main(ForkedBooter.java:495)\r\n","duration":30906652000,"status":"failed"},"line":65,"name":"Navigate to \"Contact Details\" page in header menu","match":{"arguments":[{"val":"\"Contact Details\"","offset":12}],"location":"stepDefinitions.CommonPageSteps.navigateToPageInHeaderMenu(java.lang.String)"},"keyword":"Given "},{"result":{"status":"skipped"},"line":66,"name":"The \"Contact Details\" page will displayed","match":{"arguments":[{"val":"\"Contact Details\"","offset":4}],"location":"stepDefinitions.CommonPageSteps.thePageWillDisplayed(java.lang.String)"},"keyword":"And "},{"result":{"status":"skipped"},"line":67,"name":"Input Contact Detail information with data","match":{"location":"stepDefinitions.PIM.ContactDetailsPageSteps.inputContactDetailInformationWithData(io.cucumber.datatable.DataTable)"},"rows":[{"cells":["street1","city","stateOrProvince","zipOrPostalCode","country","mobile","workEmail"]},{"cells":["2406 Valley Street","Camden","New Jersey","08102","United States","856-898-7280","johnBrown"]}],"keyword":"When "},{"result":{"status":"skipped"},"line":70,"name":"Click to \"Save\" button","match":{"arguments":[{"val":"\"Save\"","offset":9}],"location":"stepDefinitions.CommonPageSteps.clickToButton(java.lang.String)"},"keyword":"And "},{"result":{"status":"skipped"},"line":71,"name":"Success message \"Successfully Updated\" displayed","match":{"arguments":[{"val":"\"Successfully Updated\"","offset":16}],"location":"stepDefinitions.CommonPageSteps.successMessageDisplayed(java.lang.String)"},"keyword":"Then "},{"result":{"status":"skipped"},"line":72,"name":"wait a second","match":{"location":"stepDefinitions.CommonPageSteps.waitForASecond()"},"keyword":"And "},{"result":{"status":"skipped"},"line":73,"name":"Contact Detail information displayed correct as input","match":{"location":"stepDefinitions.PIM.ContactDetailsPageSteps.contactDetailInformationDisplayedCorrect(io.cucumber.datatable.DataTable)"},"rows":[{"cells":["street1","city","stateOrProvince","zipOrPostalCode","country","mobile","workEmail"]},{"cells":["2406 Valley Street","Camden","New Jersey","08102","United States","856-898-7280","johnBrown"]}],"keyword":"And "}]},{"start_timestamp":"2024-12-10T14:49:01.371Z","line":97,"name":"Update Emergency Contacts for employee","description":"","id":"add-new-employee;update-emergency-contacts-for-employee;emergency-contacts-information;2","type":"scenario","keyword":"Scenario Outline","steps":[{"result":{"error_message":"org.openqa.selenium.TimeoutException: Expected condition failed: waiting for element to be clickable: By.xpath: //a[text()='Emergency Contacts'] (tried for 30 second(s) with 500 milliseconds interval)\r\n\tat org.openqa.selenium.support.ui.WebDriverWait.timeoutException(WebDriverWait.java:84)\r\n\tat org.openqa.selenium.support.ui.FluentWait.until(FluentWait.java:228)\r\n\tat commons.BasePage.waitForElementClickable(BasePage.java:440)\r\n\tat pageObjects.CommonPageObject.clickToNavTabItemByText(CommonPageObject.java:30)\r\n\tat stepDefinitions.CommonPageSteps.navigateToPageInHeaderMenu(CommonPageSteps.java:155)\r\n\tat ✽.Navigate to \"Emergency Contacts\" page in header menu(file:///D:/Automation%20testing/03%20-%20Java%20Hybrid%20Framework/orangehrm-selenium-cucumber/src/test/java/features/05_pim_employee.feature:82)\r\nCaused by: org.openqa.selenium.NoSuchWindowException: no such window: target window already closed\nfrom unknown error: web view not found\n  (Session info: chrome=131.0.6778.109)\nBuild info: version: '4.21.0', revision: '79ed462ef4'\nSystem info: os.name: 'Windows 10', os.arch: 'amd64', os.version: '10.0', java.version: '17.0.11'\nDriver info: org.openqa.selenium.chrome.ChromeDriver\nCommand: [d698ee63a4da3c8c9799af8b6379af35, findElement {using=xpath, value=//a[text()='Emergency Contacts']}]\nCapabilities {acceptInsecureCerts: false, browserName: chrome, browserVersion: 131.0.6778.109, chrome: {chromedriverVersion: 131.0.6778.87 (ce31cae94873..., userDataDir: C:\\Users\\DELL\\AppData\\Local...}, fedcm:accounts: true, goog:chromeOptions: {debuggerAddress: localhost:63761}, networkConnectionEnabled: false, pageLoadStrategy: normal, platformName: windows, proxy: Proxy(), se:cdp: ws://localhost:63761/devtoo..., se:cdpVersion: 131.0.6778.109, setWindowRect: true, strictFileInteractability: false, timeouts: {implicit: 0, pageLoad: 300000, script: 30000}, unhandledPromptBehavior: dismiss and notify, webauthn:extension:credBlob: true, webauthn:extension:largeBlob: true, webauthn:extension:minPinLength: true, webauthn:extension:prf: true, webauthn:virtualAuthenticators: true}\nSession ID: d698ee63a4da3c8c9799af8b6379af35\r\n\tat jdk.internal.reflect.GeneratedConstructorAccessor18.newInstance(Unknown Source)\r\n\tat java.base/jdk.internal.reflect.DelegatingConstructorAccessorImpl.newInstance(DelegatingConstructorAccessorImpl.java:45)\r\n\tat java.base/java.lang.reflect.Constructor.newInstanceWithCaller(Constructor.java:499)\r\n\tat java.base/java.lang.reflect.Constructor.newInstance(Constructor.java:480)\r\n\tat org.openqa.selenium.remote.ErrorCodec.decode(ErrorCodec.java:167)\r\n\tat org.openqa.selenium.remote.codec.w3c.W3CHttpResponseCodec.decode(W3CHttpResponseCodec.java:138)\r\n\tat org.openqa.selenium.remote.codec.w3c.W3CHttpResponseCodec.decode(W3CHttpResponseCodec.java:50)\r\n\tat org.openqa.selenium.remote.HttpCommandExecutor.execute(HttpCommandExecutor.java:190)\r\n\tat org.openqa.selenium.remote.service.DriverCommandExecutor.invokeExecute(DriverCommandExecutor.java:216)\r\n\tat org.openqa.selenium.remote.service.DriverCommandExecutor.execute(DriverCommandExecutor.java:174)\r\n\tat org.openqa.selenium.remote.RemoteWebDriver.execute(RemoteWebDriver.java:518)\r\n\tat org.openqa.selenium.remote.ElementLocation$ElementFinder$2.findElement(ElementLocation.java:165)\r\n\tat org.openqa.selenium.remote.ElementLocation.findElement(ElementLocation.java:59)\r\n\tat org.openqa.selenium.remote.RemoteWebDriver.findElement(RemoteWebDriver.java:355)\r\n\tat org.openqa.selenium.remote.RemoteWebDriver.findElement(RemoteWebDriver.java:349)\r\n\tat org.openqa.selenium.support.ui.ExpectedConditions$7.apply(ExpectedConditions.java:194)\r\n\tat org.openqa.selenium.support.ui.ExpectedConditions$7.apply(ExpectedConditions.java:190)\r\n\tat org.openqa.selenium.support.ui.ExpectedConditions$22.apply(ExpectedConditions.java:627)\r\n\tat org.openqa.selenium.support.ui.ExpectedConditions$22.apply(ExpectedConditions.java:624)\r\n\tat org.openqa.selenium.support.ui.FluentWait.until(FluentWait.java:203)\r\n\tat commons.BasePage.waitForElementClickable(BasePage.java:440)\r\n\tat pageObjects.CommonPageObject.clickToNavTabItemByText(CommonPageObject.java:30)\r\n\tat stepDefinitions.CommonPageSteps.navigateToPageInHeaderMenu(CommonPageSteps.java:155)\r\n\tat java.base/jdk.internal.reflect.NativeMethodAccessorImpl.invoke0(Native Method)\r\n\tat java.base/jdk.internal.reflect.NativeMethodAccessorImpl.invoke(NativeMethodAccessorImpl.java:77)\r\n\tat java.base/jdk.internal.reflect.DelegatingMethodAccessorImpl.invoke(DelegatingMethodAccessorImpl.java:43)\r\n\tat java.base/java.lang.reflect.Method.invoke(Method.java:568)\r\n\tat io.cucumber.java.Invoker.doInvoke(Invoker.java:66)\r\n\tat io.cucumber.java.Invoker.invoke(Invoker.java:24)\r\n\tat io.cucumber.java.AbstractGlueDefinition.invokeMethod(AbstractGlueDefinition.java:47)\r\n\tat io.cucumber.java.JavaStepDefinition.execute(JavaStepDefinition.java:29)\r\n\tat io.cucumber.core.runner.CoreStepDefinition.execute(CoreStepDefinition.java:66)\r\n\tat io.cucumber.core.runner.PickleStepDefinitionMatch.runStep(PickleStepDefinitionMatch.java:62)\r\n\tat io.cucumber.core.runner.ExecutionMode$1.execute(ExecutionMode.java:10)\r\n\tat io.cucumber.core.runner.TestStep.executeStep(TestStep.java:81)\r\n\tat io.cucumber.core.runner.TestStep.run(TestStep.java:53)\r\n\tat io.cucumber.core.runner.PickleStepTestStep.run(PickleStepTestStep.java:51)\r\n\tat io.cucumber.core.runner.TestCase.run(TestCase.java:84)\r\n\tat io.cucumber.core.runner.Runner.runPickle(Runner.java:75)\r\n\tat io.cucumber.testng.TestNGCucumberRunner.lambda$runScenario$1(TestNGCucumberRunner.java:135)\r\n\tat io.cucumber.core.runtime.CucumberExecutionContext.lambda$runTestCase$5(CucumberExecutionContext.java:136)\r\n\tat io.cucumber.core.runtime.RethrowingThrowableCollector.executeAndThrow(RethrowingThrowableCollector.java:23)\r\n\tat io.cucumber.core.runtime.CucumberExecutionContext.runTestCase(CucumberExecutionContext.java:136)\r\n\tat io.cucumber.testng.TestNGCucumberRunner.runScenario(TestNGCucumberRunner.java:132)\r\n\tat io.cucumber.testng.AbstractTestNGCucumberTests.runScenario(AbstractTestNGCucumberTests.java:35)\r\n\tat java.base/jdk.internal.reflect.NativeMethodAccessorImpl.invoke0(Native Method)\r\n\tat java.base/jdk.internal.reflect.NativeMethodAccessorImpl.invoke(NativeMethodAccessorImpl.java:77)\r\n\tat java.base/jdk.internal.reflect.DelegatingMethodAccessorImpl.invoke(DelegatingMethodAccessorImpl.java:43)\r\n\tat java.base/java.lang.reflect.Method.invoke(Method.java:568)\r\n\tat org.testng.internal.invokers.MethodInvocationHelper.invokeMethod(MethodInvocationHelper.java:141)\r\n\tat org.testng.internal.invokers.TestInvoker.invokeMethod(TestInvoker.java:686)\r\n\tat org.testng.internal.invokers.TestInvoker.invokeTestMethod(TestInvoker.java:230)\r\n\tat org.testng.internal.invokers.MethodRunner.runInSequence(MethodRunner.java:63)\r\n\tat org.testng.internal.invokers.TestInvoker$MethodInvocationAgent.invoke(TestInvoker.java:992)\r\n\tat org.testng.internal.invokers.TestInvoker.invokeTestMethods(TestInvoker.java:203)\r\n\tat org.testng.internal.invokers.TestMethodWorker.invokeTestMethods(TestMethodWorker.java:154)\r\n\tat org.testng.internal.invokers.TestMethodWorker.run(TestMethodWorker.java:134)\r\n\tat java.base/java.util.ArrayList.forEach(ArrayList.java:1511)\r\n\tat org.testng.TestRunner.privateRun(TestRunner.java:739)\r\n\tat org.testng.TestRunner.run(TestRunner.java:614)\r\n\tat org.testng.SuiteRunner.runTest(SuiteRunner.java:421)\r\n\tat org.testng.SuiteRunner.runSequentially(SuiteRunner.java:413)\r\n\tat org.testng.SuiteRunner.privateRun(SuiteRunner.java:373)\r\n\tat org.testng.SuiteRunner.run(SuiteRunner.java:312)\r\n\tat org.testng.SuiteRunnerWorker.runSuite(SuiteRunnerWorker.java:52)\r\n\tat org.testng.SuiteRunnerWorker.run(SuiteRunnerWorker.java:95)\r\n\tat org.testng.TestNG.runSuitesSequentially(TestNG.java:1274)\r\n\tat org.testng.TestNG.runSuitesLocally(TestNG.java:1208)\r\n\tat org.testng.TestNG.runSuites(TestNG.java:1112)\r\n\tat org.testng.TestNG.run(TestNG.java:1079)\r\n\tat org.apache.maven.surefire.testng.TestNGExecutor.run(TestNGExecutor.java:155)\r\n\tat org.apache.maven.surefire.testng.TestNGDirectoryTestSuite.executeSingleClass(TestNGDirectoryTestSuite.java:102)\r\n\tat org.apache.maven.surefire.testng.TestNGDirectoryTestSuite.execute(TestNGDirectoryTestSuite.java:91)\r\n\tat org.apache.maven.surefire.testng.TestNGProvider.invoke(TestNGProvider.java:137)\r\n\tat org.apache.maven.surefire.booter.ForkedBooter.runSuitesInProcess(ForkedBooter.java:385)\r\n\tat org.apache.maven.surefire.booter.ForkedBooter.execute(ForkedBooter.java:162)\r\n\tat org.apache.maven.surefire.booter.ForkedBooter.run(ForkedBooter.java:507)\r\n\tat org.apache.maven.surefire.booter.ForkedBooter.main(ForkedBooter.java:495)\r\n","duration":30892078300,"status":"failed"},"line":82,"name":"Navigate to \"Emergency Contacts\" page in header menu","match":{"arguments":[{"val":"\"Emergency Contacts\"","offset":12}],"location":"stepDefinitions.CommonPageSteps.navigateToPageInHeaderMenu(java.lang.String)"},"keyword":"Given "},{"result":{"status":"skipped"},"line":83,"name":"Click to \"Add\" button of label \"Assigned Emergency Contacts\"","match":{"arguments":[{"val":"\"Add\"","offset":9},{"val":"\"Assigned Emergency Contacts\"","offset":31}],"location":"stepDefinitions.CommonPageSteps.clickToButtonOfLabel(java.lang.String,java.lang.String)"},"keyword":"And "},{"result":{"duration":977800,"status":"skipped"},"line":84,"name":"The \"Save Emergency Contact\" page will displayed","match":{"arguments":[{"val":"\"Save Emergency Contact\"","offset":4}],"location":"stepDefinitions.CommonPageSteps.thePageWillDisplayed(java.lang.String)"},"keyword":"And "},{"result":{"status":"skipped"},"line":85,"name":"Input Emergency Contacts information with data","match":{"location":"stepDefinitions.PIM.EmergencyContactsPageSteps.inputEmergencyContactInformationWithData(io.cucumber.datatable.DataTable)"},"rows":[{"cells":["emergencyContactName","emergencyRelationship","emergencyContactMobile"]},{"cells":["Anna Faris","Wife","678-399-4725"]}],"keyword":"When "},{"result":{"status":"skipped"},"line":88,"name":"Click to \"Save\" button","match":{"arguments":[{"val":"\"Save\"","offset":9}],"location":"stepDefinitions.CommonPageSteps.clickToButton(java.lang.String)"},"keyword":"And "},{"result":{"status":"skipped"},"line":89,"name":"Success message \"Successfully Saved\" displayed","match":{"arguments":[{"val":"\"Successfully Saved\"","offset":16}],"location":"stepDefinitions.CommonPageSteps.successMessageDisplayed(java.lang.String)"},"keyword":"Then "},{"result":{"status":"skipped"},"line":90,"name":"wait a second","match":{"location":"stepDefinitions.CommonPageSteps.waitForASecond()"},"keyword":"And "},{"result":{"status":"skipped"},"line":91,"name":"Emergency Contacts information displayed correct as input","match":{"location":"stepDefinitions.PIM.EmergencyContactsPageSteps.emergencyContactInformationDisplayedCorrect(io.cucumber.datatable.DataTable)"},"rows":[{"cells":["emergencyContactName","emergencyRelationship","emergencyContactMobile"]},{"cells":["Anna Faris","Wife","678-399-4725"]}],"keyword":"And "}]},{"start_timestamp":"2024-12-10T14:49:32.275Z","line":115,"name":"Update Dependents for employee","description":"","id":"add-new-employee;update-dependents-for-employee;dependents-information;2","type":"scenario","keyword":"Scenario Outline","steps":[{"result":{"error_message":"org.openqa.selenium.TimeoutException: Expected condition failed: waiting for element to be clickable: By.xpath: //a[text()='Dependents'] (tried for 30 second(s) with 500 milliseconds interval)\r\n\tat org.openqa.selenium.support.ui.WebDriverWait.timeoutException(WebDriverWait.java:84)\r\n\tat org.openqa.selenium.support.ui.FluentWait.until(FluentWait.java:228)\r\n\tat commons.BasePage.waitForElementClickable(BasePage.java:440)\r\n\tat pageObjects.CommonPageObject.clickToNavTabItemByText(CommonPageObject.java:30)\r\n\tat stepDefinitions.CommonPageSteps.navigateToPageInHeaderMenu(CommonPageSteps.java:155)\r\n\tat ✽.Navigate to \"Dependents\" page in header menu(file:///D:/Automation%20testing/03%20-%20Java%20Hybrid%20Framework/orangehrm-selenium-cucumber/src/test/java/features/05_pim_employee.feature:100)\r\nCaused by: org.openqa.selenium.NoSuchWindowException: no such window: target window already closed\nfrom unknown error: web view not found\n  (Session info: chrome=131.0.6778.109)\nBuild info: version: '4.21.0', revision: '79ed462ef4'\nSystem info: os.name: 'Windows 10', os.arch: 'amd64', os.version: '10.0', java.version: '17.0.11'\nDriver info: org.openqa.selenium.chrome.ChromeDriver\nCommand: [d698ee63a4da3c8c9799af8b6379af35, findElement {using=xpath, value=//a[text()='Dependents']}]\nCapabilities {acceptInsecureCerts: false, browserName: chrome, browserVersion: 131.0.6778.109, chrome: {chromedriverVersion: 131.0.6778.87 (ce31cae94873..., userDataDir: C:\\Users\\DELL\\AppData\\Local...}, fedcm:accounts: true, goog:chromeOptions: {debuggerAddress: localhost:63761}, networkConnectionEnabled: false, pageLoadStrategy: normal, platformName: windows, proxy: Proxy(), se:cdp: ws://localhost:63761/devtoo..., se:cdpVersion: 131.0.6778.109, setWindowRect: true, strictFileInteractability: false, timeouts: {implicit: 0, pageLoad: 300000, script: 30000}, unhandledPromptBehavior: dismiss and notify, webauthn:extension:credBlob: true, webauthn:extension:largeBlob: true, webauthn:extension:minPinLength: true, webauthn:extension:prf: true, webauthn:virtualAuthenticators: true}\nSession ID: d698ee63a4da3c8c9799af8b6379af35\r\n\tat jdk.internal.reflect.GeneratedConstructorAccessor18.newInstance(Unknown Source)\r\n\tat java.base/jdk.internal.reflect.DelegatingConstructorAccessorImpl.newInstance(DelegatingConstructorAccessorImpl.java:45)\r\n\tat java.base/java.lang.reflect.Constructor.newInstanceWithCaller(Constructor.java:499)\r\n\tat java.base/java.lang.reflect.Constructor.newInstance(Constructor.java:480)\r\n\tat org.openqa.selenium.remote.ErrorCodec.decode(ErrorCodec.java:167)\r\n\tat org.openqa.selenium.remote.codec.w3c.W3CHttpResponseCodec.decode(W3CHttpResponseCodec.java:138)\r\n\tat org.openqa.selenium.remote.codec.w3c.W3CHttpResponseCodec.decode(W3CHttpResponseCodec.java:50)\r\n\tat org.openqa.selenium.remote.HttpCommandExecutor.execute(HttpCommandExecutor.java:190)\r\n\tat org.openqa.selenium.remote.service.DriverCommandExecutor.invokeExecute(DriverCommandExecutor.java:216)\r\n\tat org.openqa.selenium.remote.service.DriverCommandExecutor.execute(DriverCommandExecutor.java:174)\r\n\tat org.openqa.selenium.remote.RemoteWebDriver.execute(RemoteWebDriver.java:518)\r\n\tat org.openqa.selenium.remote.ElementLocation$ElementFinder$2.findElement(ElementLocation.java:165)\r\n\tat org.openqa.selenium.remote.ElementLocation.findElement(ElementLocation.java:59)\r\n\tat org.openqa.selenium.remote.RemoteWebDriver.findElement(RemoteWebDriver.java:355)\r\n\tat org.openqa.selenium.remote.RemoteWebDriver.findElement(RemoteWebDriver.java:349)\r\n\tat org.openqa.selenium.support.ui.ExpectedConditions$7.apply(ExpectedConditions.java:194)\r\n\tat org.openqa.selenium.support.ui.ExpectedConditions$7.apply(ExpectedConditions.java:190)\r\n\tat org.openqa.selenium.support.ui.ExpectedConditions$22.apply(ExpectedConditions.java:627)\r\n\tat org.openqa.selenium.support.ui.ExpectedConditions$22.apply(ExpectedConditions.java:624)\r\n\tat org.openqa.selenium.support.ui.FluentWait.until(FluentWait.java:203)\r\n\tat commons.BasePage.waitForElementClickable(BasePage.java:440)\r\n\tat pageObjects.CommonPageObject.clickToNavTabItemByText(CommonPageObject.java:30)\r\n\tat stepDefinitions.CommonPageSteps.navigateToPageInHeaderMenu(CommonPageSteps.java:155)\r\n\tat java.base/jdk.internal.reflect.NativeMethodAccessorImpl.invoke0(Native Method)\r\n\tat java.base/jdk.internal.reflect.NativeMethodAccessorImpl.invoke(NativeMethodAccessorImpl.java:77)\r\n\tat java.base/jdk.internal.reflect.DelegatingMethodAccessorImpl.invoke(DelegatingMethodAccessorImpl.java:43)\r\n\tat java.base/java.lang.reflect.Method.invoke(Method.java:568)\r\n\tat io.cucumber.java.Invoker.doInvoke(Invoker.java:66)\r\n\tat io.cucumber.java.Invoker.invoke(Invoker.java:24)\r\n\tat io.cucumber.java.AbstractGlueDefinition.invokeMethod(AbstractGlueDefinition.java:47)\r\n\tat io.cucumber.java.JavaStepDefinition.execute(JavaStepDefinition.java:29)\r\n\tat io.cucumber.core.runner.CoreStepDefinition.execute(CoreStepDefinition.java:66)\r\n\tat io.cucumber.core.runner.PickleStepDefinitionMatch.runStep(PickleStepDefinitionMatch.java:62)\r\n\tat io.cucumber.core.runner.ExecutionMode$1.execute(ExecutionMode.java:10)\r\n\tat io.cucumber.core.runner.TestStep.executeStep(TestStep.java:81)\r\n\tat io.cucumber.core.runner.TestStep.run(TestStep.java:53)\r\n\tat io.cucumber.core.runner.PickleStepTestStep.run(PickleStepTestStep.java:51)\r\n\tat io.cucumber.core.runner.TestCase.run(TestCase.java:84)\r\n\tat io.cucumber.core.runner.Runner.runPickle(Runner.java:75)\r\n\tat io.cucumber.testng.TestNGCucumberRunner.lambda$runScenario$1(TestNGCucumberRunner.java:135)\r\n\tat io.cucumber.core.runtime.CucumberExecutionContext.lambda$runTestCase$5(CucumberExecutionContext.java:136)\r\n\tat io.cucumber.core.runtime.RethrowingThrowableCollector.executeAndThrow(RethrowingThrowableCollector.java:23)\r\n\tat io.cucumber.core.runtime.CucumberExecutionContext.runTestCase(CucumberExecutionContext.java:136)\r\n\tat io.cucumber.testng.TestNGCucumberRunner.runScenario(TestNGCucumberRunner.java:132)\r\n\tat io.cucumber.testng.AbstractTestNGCucumberTests.runScenario(AbstractTestNGCucumberTests.java:35)\r\n\tat java.base/jdk.internal.reflect.NativeMethodAccessorImpl.invoke0(Native Method)\r\n\tat java.base/jdk.internal.reflect.NativeMethodAccessorImpl.invoke(NativeMethodAccessorImpl.java:77)\r\n\tat java.base/jdk.internal.reflect.DelegatingMethodAccessorImpl.invoke(DelegatingMethodAccessorImpl.java:43)\r\n\tat java.base/java.lang.reflect.Method.invoke(Method.java:568)\r\n\tat org.testng.internal.invokers.MethodInvocationHelper.invokeMethod(MethodInvocationHelper.java:141)\r\n\tat org.testng.internal.invokers.TestInvoker.invokeMethod(TestInvoker.java:686)\r\n\tat org.testng.internal.invokers.TestInvoker.invokeTestMethod(TestInvoker.java:230)\r\n\tat org.testng.internal.invokers.MethodRunner.runInSequence(MethodRunner.java:63)\r\n\tat org.testng.internal.invokers.TestInvoker$MethodInvocationAgent.invoke(TestInvoker.java:992)\r\n\tat org.testng.internal.invokers.TestInvoker.invokeTestMethods(TestInvoker.java:203)\r\n\tat org.testng.internal.invokers.TestMethodWorker.invokeTestMethods(TestMethodWorker.java:154)\r\n\tat org.testng.internal.invokers.TestMethodWorker.run(TestMethodWorker.java:134)\r\n\tat java.base/java.util.ArrayList.forEach(ArrayList.java:1511)\r\n\tat org.testng.TestRunner.privateRun(TestRunner.java:739)\r\n\tat org.testng.TestRunner.run(TestRunner.java:614)\r\n\tat org.testng.SuiteRunner.runTest(SuiteRunner.java:421)\r\n\tat org.testng.SuiteRunner.runSequentially(SuiteRunner.java:413)\r\n\tat org.testng.SuiteRunner.privateRun(SuiteRunner.java:373)\r\n\tat org.testng.SuiteRunner.run(SuiteRunner.java:312)\r\n\tat org.testng.SuiteRunnerWorker.runSuite(SuiteRunnerWorker.java:52)\r\n\tat org.testng.SuiteRunnerWorker.run(SuiteRunnerWorker.java:95)\r\n\tat org.testng.TestNG.runSuitesSequentially(TestNG.java:1274)\r\n\tat org.testng.TestNG.runSuitesLocally(TestNG.java:1208)\r\n\tat org.testng.TestNG.runSuites(TestNG.java:1112)\r\n\tat org.testng.TestNG.run(TestNG.java:1079)\r\n\tat org.apache.maven.surefire.testng.TestNGExecutor.run(TestNGExecutor.java:155)\r\n\tat org.apache.maven.surefire.testng.TestNGDirectoryTestSuite.executeSingleClass(TestNGDirectoryTestSuite.java:102)\r\n\tat org.apache.maven.surefire.testng.TestNGDirectoryTestSuite.execute(TestNGDirectoryTestSuite.java:91)\r\n\tat org.apache.maven.surefire.testng.TestNGProvider.invoke(TestNGProvider.java:137)\r\n\tat org.apache.maven.surefire.booter.ForkedBooter.runSuitesInProcess(ForkedBooter.java:385)\r\n\tat org.apache.maven.surefire.booter.ForkedBooter.execute(ForkedBooter.java:162)\r\n\tat org.apache.maven.surefire.booter.ForkedBooter.run(ForkedBooter.java:507)\r\n\tat org.apache.maven.surefire.booter.ForkedBooter.main(ForkedBooter.java:495)\r\n","duration":30781947000,"status":"failed"},"line":100,"name":"Navigate to \"Dependents\" page in header menu","match":{"arguments":[{"val":"\"Dependents\"","offset":12}],"location":"stepDefinitions.CommonPageSteps.navigateToPageInHeaderMenu(java.lang.String)"},"keyword":"Given "},{"result":{"status":"skipped"},"line":101,"name":"Click to \"Add\" button of label \"Assigned Dependents\"","match":{"arguments":[{"val":"\"Add\"","offset":9},{"val":"\"Assigned Dependents\"","offset":31}],"location":"stepDefinitions.CommonPageSteps.clickToButtonOfLabel(java.lang.String,java.lang.String)"},"keyword":"And "},{"result":{"duration":996000,"status":"skipped"},"line":102,"name":"The \"Add Dependent\" page will displayed","match":{"arguments":[{"val":"\"Add Dependent\"","offset":4}],"location":"stepDefinitions.CommonPageSteps.thePageWillDisplayed(java.lang.String)"},"keyword":"And "},{"result":{"status":"skipped"},"line":103,"name":"Input to \"Name\" textbox with value \"Rosy Brown\"","match":{"arguments":[{"val":"\"Name\"","offset":9},{"val":"\"Rosy Brown\"","offset":35}],"location":"stepDefinitions.CommonPageSteps.inputToTextboxWithValue(java.lang.String,java.lang.String)"},"keyword":"When "},{"result":{"duration":997700,"status":"skipped"},"line":104,"name":"Select item \"Child\" in dropdown \"Relationship\"","match":{"arguments":[{"val":"\"Child\"","offset":12},{"val":"\"Relationship\"","offset":32}],"location":"stepDefinitions.CommonPageSteps.selectItemInDropdown(java.lang.String,java.lang.String)"},"keyword":"And "},{"result":{"status":"skipped"},"line":105,"name":"Input to \"Date of Birth\" textbox with value \"2022/07/04\"","match":{"arguments":[{"val":"\"Date of Birth\"","offset":9},{"val":"\"2022/07/04\"","offset":44}],"location":"stepDefinitions.CommonPageSteps.inputToTextboxWithValue(java.lang.String,java.lang.String)"},"keyword":"And "},{"result":{"status":"skipped"},"line":106,"name":"Click to \"Save\" button","match":{"arguments":[{"val":"\"Save\"","offset":9}],"location":"stepDefinitions.CommonPageSteps.clickToButton(java.lang.String)"},"keyword":"And "},{"result":{"status":"skipped"},"line":107,"name":"Success message \"Successfully Saved\" displayed","match":{"arguments":[{"val":"\"Successfully Saved\"","offset":16}],"location":"stepDefinitions.CommonPageSteps.successMessageDisplayed(java.lang.String)"},"keyword":"Then "},{"result":{"status":"skipped"},"line":108,"name":"wait a second","match":{"location":"stepDefinitions.CommonPageSteps.waitForASecond()"},"keyword":"And "},{"result":{"status":"skipped"},"line":109,"name":"Verify the table \"Assigned Dependents\" - column \"Name\" displays value \"Rosy Brown\"","match":{"arguments":[{"val":"\"Assigned Dependents\"","offset":17},{"val":"\"Name\"","offset":48},{"val":"\"Rosy Brown\"","offset":70}],"location":"stepDefinitions.CommonPageSteps.verifyTheValueDisplayedAtTheColumnInTable(java.lang.String,java.lang.String,java.lang.String)"},"keyword":"And "},{"result":{"status":"skipped"},"line":110,"name":"Verify the table \"Assigned Dependents\" - column \"Relationship\" displays value \"Child\"","match":{"arguments":[{"val":"\"Assigned Dependents\"","offset":17},{"val":"\"Relationship\"","offset":48},{"val":"\"Child\"","offset":78}],"location":"stepDefinitions.CommonPageSteps.verifyTheValueDisplayedAtTheColumnInTable(java.lang.String,java.lang.String,java.lang.String)"},"keyword":"And "},{"result":{"status":"skipped"},"line":111,"name":"Verify the table \"Assigned Dependents\" - column \"Date of Birth\" displays value \"2022/07/04\"","match":{"arguments":[{"val":"\"Assigned Dependents\"","offset":17},{"val":"\"Date of Birth\"","offset":48},{"val":"\"2022/07/04\"","offset":79}],"location":"stepDefinitions.CommonPageSteps.verifyTheValueDisplayedAtTheColumnInTable(java.lang.String,java.lang.String,java.lang.String)"},"keyword":"And "}]},{"start_timestamp":"2024-12-10T14:50:03.075Z","line":133,"name":"Update Immigration for employee","description":"","id":"add-new-employee;update-immigration-for-employee;immigration-information;2","type":"scenario","keyword":"Scenario Outline","steps":[{"result":{"error_message":"org.openqa.selenium.TimeoutException: Expected condition failed: waiting for element to be clickable: By.xpath: //a[text()='Immigration'] (tried for 30 second(s) with 500 milliseconds interval)\r\n\tat org.openqa.selenium.support.ui.WebDriverWait.timeoutException(WebDriverWait.java:84)\r\n\tat org.openqa.selenium.support.ui.FluentWait.until(FluentWait.java:228)\r\n\tat commons.BasePage.waitForElementClickable(BasePage.java:440)\r\n\tat pageObjects.CommonPageObject.clickToNavTabItemByText(CommonPageObject.java:30)\r\n\tat stepDefinitions.CommonPageSteps.navigateToPageInHeaderMenu(CommonPageSteps.java:155)\r\n\tat ✽.Navigate to \"Immigration\" page in header menu(file:///D:/Automation%20testing/03%20-%20Java%20Hybrid%20Framework/orangehrm-selenium-cucumber/src/test/java/features/05_pim_employee.feature:118)\r\nCaused by: org.openqa.selenium.NoSuchWindowException: no such window: target window already closed\nfrom unknown error: web view not found\n  (Session info: chrome=131.0.6778.109)\nBuild info: version: '4.21.0', revision: '79ed462ef4'\nSystem info: os.name: 'Windows 10', os.arch: 'amd64', os.version: '10.0', java.version: '17.0.11'\nDriver info: org.openqa.selenium.chrome.ChromeDriver\nCommand: [d698ee63a4da3c8c9799af8b6379af35, findElement {using=xpath, value=//a[text()='Immigration']}]\nCapabilities {acceptInsecureCerts: false, browserName: chrome, browserVersion: 131.0.6778.109, chrome: {chromedriverVersion: 131.0.6778.87 (ce31cae94873..., userDataDir: C:\\Users\\DELL\\AppData\\Local...}, fedcm:accounts: true, goog:chromeOptions: {debuggerAddress: localhost:63761}, networkConnectionEnabled: false, pageLoadStrategy: normal, platformName: windows, proxy: Proxy(), se:cdp: ws://localhost:63761/devtoo..., se:cdpVersion: 131.0.6778.109, setWindowRect: true, strictFileInteractability: false, timeouts: {implicit: 0, pageLoad: 300000, script: 30000}, unhandledPromptBehavior: dismiss and notify, webauthn:extension:credBlob: true, webauthn:extension:largeBlob: true, webauthn:extension:minPinLength: true, webauthn:extension:prf: true, webauthn:virtualAuthenticators: true}\nSession ID: d698ee63a4da3c8c9799af8b6379af35\r\n\tat jdk.internal.reflect.GeneratedConstructorAccessor18.newInstance(Unknown Source)\r\n\tat java.base/jdk.internal.reflect.DelegatingConstructorAccessorImpl.newInstance(DelegatingConstructorAccessorImpl.java:45)\r\n\tat java.base/java.lang.reflect.Constructor.newInstanceWithCaller(Constructor.java:499)\r\n\tat java.base/java.lang.reflect.Constructor.newInstance(Constructor.java:480)\r\n\tat org.openqa.selenium.remote.ErrorCodec.decode(ErrorCodec.java:167)\r\n\tat org.openqa.selenium.remote.codec.w3c.W3CHttpResponseCodec.decode(W3CHttpResponseCodec.java:138)\r\n\tat org.openqa.selenium.remote.codec.w3c.W3CHttpResponseCodec.decode(W3CHttpResponseCodec.java:50)\r\n\tat org.openqa.selenium.remote.HttpCommandExecutor.execute(HttpCommandExecutor.java:190)\r\n\tat org.openqa.selenium.remote.service.DriverCommandExecutor.invokeExecute(DriverCommandExecutor.java:216)\r\n\tat org.openqa.selenium.remote.service.DriverCommandExecutor.execute(DriverCommandExecutor.java:174)\r\n\tat org.openqa.selenium.remote.RemoteWebDriver.execute(RemoteWebDriver.java:518)\r\n\tat org.openqa.selenium.remote.ElementLocation$ElementFinder$2.findElement(ElementLocation.java:165)\r\n\tat org.openqa.selenium.remote.ElementLocation.findElement(ElementLocation.java:59)\r\n\tat org.openqa.selenium.remote.RemoteWebDriver.findElement(RemoteWebDriver.java:355)\r\n\tat org.openqa.selenium.remote.RemoteWebDriver.findElement(RemoteWebDriver.java:349)\r\n\tat org.openqa.selenium.support.ui.ExpectedConditions$7.apply(ExpectedConditions.java:194)\r\n\tat org.openqa.selenium.support.ui.ExpectedConditions$7.apply(ExpectedConditions.java:190)\r\n\tat org.openqa.selenium.support.ui.ExpectedConditions$22.apply(ExpectedConditions.java:627)\r\n\tat org.openqa.selenium.support.ui.ExpectedConditions$22.apply(ExpectedConditions.java:624)\r\n\tat org.openqa.selenium.support.ui.FluentWait.until(FluentWait.java:203)\r\n\tat commons.BasePage.waitForElementClickable(BasePage.java:440)\r\n\tat pageObjects.CommonPageObject.clickToNavTabItemByText(CommonPageObject.java:30)\r\n\tat stepDefinitions.CommonPageSteps.navigateToPageInHeaderMenu(CommonPageSteps.java:155)\r\n\tat java.base/jdk.internal.reflect.NativeMethodAccessorImpl.invoke0(Native Method)\r\n\tat java.base/jdk.internal.reflect.NativeMethodAccessorImpl.invoke(NativeMethodAccessorImpl.java:77)\r\n\tat java.base/jdk.internal.reflect.DelegatingMethodAccessorImpl.invoke(DelegatingMethodAccessorImpl.java:43)\r\n\tat java.base/java.lang.reflect.Method.invoke(Method.java:568)\r\n\tat io.cucumber.java.Invoker.doInvoke(Invoker.java:66)\r\n\tat io.cucumber.java.Invoker.invoke(Invoker.java:24)\r\n\tat io.cucumber.java.AbstractGlueDefinition.invokeMethod(AbstractGlueDefinition.java:47)\r\n\tat io.cucumber.java.JavaStepDefinition.execute(JavaStepDefinition.java:29)\r\n\tat io.cucumber.core.runner.CoreStepDefinition.execute(CoreStepDefinition.java:66)\r\n\tat io.cucumber.core.runner.PickleStepDefinitionMatch.runStep(PickleStepDefinitionMatch.java:62)\r\n\tat io.cucumber.core.runner.ExecutionMode$1.execute(ExecutionMode.java:10)\r\n\tat io.cucumber.core.runner.TestStep.executeStep(TestStep.java:81)\r\n\tat io.cucumber.core.runner.TestStep.run(TestStep.java:53)\r\n\tat io.cucumber.core.runner.PickleStepTestStep.run(PickleStepTestStep.java:51)\r\n\tat io.cucumber.core.runner.TestCase.run(TestCase.java:84)\r\n\tat io.cucumber.core.runner.Runner.runPickle(Runner.java:75)\r\n\tat io.cucumber.testng.TestNGCucumberRunner.lambda$runScenario$1(TestNGCucumberRunner.java:135)\r\n\tat io.cucumber.core.runtime.CucumberExecutionContext.lambda$runTestCase$5(CucumberExecutionContext.java:136)\r\n\tat io.cucumber.core.runtime.RethrowingThrowableCollector.executeAndThrow(RethrowingThrowableCollector.java:23)\r\n\tat io.cucumber.core.runtime.CucumberExecutionContext.runTestCase(CucumberExecutionContext.java:136)\r\n\tat io.cucumber.testng.TestNGCucumberRunner.runScenario(TestNGCucumberRunner.java:132)\r\n\tat io.cucumber.testng.AbstractTestNGCucumberTests.runScenario(AbstractTestNGCucumberTests.java:35)\r\n\tat java.base/jdk.internal.reflect.NativeMethodAccessorImpl.invoke0(Native Method)\r\n\tat java.base/jdk.internal.reflect.NativeMethodAccessorImpl.invoke(NativeMethodAccessorImpl.java:77)\r\n\tat java.base/jdk.internal.reflect.DelegatingMethodAccessorImpl.invoke(DelegatingMethodAccessorImpl.java:43)\r\n\tat java.base/java.lang.reflect.Method.invoke(Method.java:568)\r\n\tat org.testng.internal.invokers.MethodInvocationHelper.invokeMethod(MethodInvocationHelper.java:141)\r\n\tat org.testng.internal.invokers.TestInvoker.invokeMethod(TestInvoker.java:686)\r\n\tat org.testng.internal.invokers.TestInvoker.invokeTestMethod(TestInvoker.java:230)\r\n\tat org.testng.internal.invokers.MethodRunner.runInSequence(MethodRunner.java:63)\r\n\tat org.testng.internal.invokers.TestInvoker$MethodInvocationAgent.invoke(TestInvoker.java:992)\r\n\tat org.testng.internal.invokers.TestInvoker.invokeTestMethods(TestInvoker.java:203)\r\n\tat org.testng.internal.invokers.TestMethodWorker.invokeTestMethods(TestMethodWorker.java:154)\r\n\tat org.testng.internal.invokers.TestMethodWorker.run(TestMethodWorker.java:134)\r\n\tat java.base/java.util.ArrayList.forEach(ArrayList.java:1511)\r\n\tat org.testng.TestRunner.privateRun(TestRunner.java:739)\r\n\tat org.testng.TestRunner.run(TestRunner.java:614)\r\n\tat org.testng.SuiteRunner.runTest(SuiteRunner.java:421)\r\n\tat org.testng.SuiteRunner.runSequentially(SuiteRunner.java:413)\r\n\tat org.testng.SuiteRunner.privateRun(SuiteRunner.java:373)\r\n\tat org.testng.SuiteRunner.run(SuiteRunner.java:312)\r\n\tat org.testng.SuiteRunnerWorker.runSuite(SuiteRunnerWorker.java:52)\r\n\tat org.testng.SuiteRunnerWorker.run(SuiteRunnerWorker.java:95)\r\n\tat org.testng.TestNG.runSuitesSequentially(TestNG.java:1274)\r\n\tat org.testng.TestNG.runSuitesLocally(TestNG.java:1208)\r\n\tat org.testng.TestNG.runSuites(TestNG.java:1112)\r\n\tat org.testng.TestNG.run(TestNG.java:1079)\r\n\tat org.apache.maven.surefire.testng.TestNGExecutor.run(TestNGExecutor.java:155)\r\n\tat org.apache.maven.surefire.testng.TestNGDirectoryTestSuite.executeSingleClass(TestNGDirectoryTestSuite.java:102)\r\n\tat org.apache.maven.surefire.testng.TestNGDirectoryTestSuite.execute(TestNGDirectoryTestSuite.java:91)\r\n\tat org.apache.maven.surefire.testng.TestNGProvider.invoke(TestNGProvider.java:137)\r\n\tat org.apache.maven.surefire.booter.ForkedBooter.runSuitesInProcess(ForkedBooter.java:385)\r\n\tat org.apache.maven.surefire.booter.ForkedBooter.execute(ForkedBooter.java:162)\r\n\tat org.apache.maven.surefire.booter.ForkedBooter.run(ForkedBooter.java:507)\r\n\tat org.apache.maven.surefire.booter.ForkedBooter.main(ForkedBooter.java:495)\r\n","duration":31088829500,"status":"failed"},"line":118,"name":"Navigate to \"Immigration\" page in header menu","match":{"arguments":[{"val":"\"Immigration\"","offset":12}],"location":"stepDefinitions.CommonPageSteps.navigateToPageInHeaderMenu(java.lang.String)"},"keyword":"Given "},{"result":{"status":"skipped"},"line":119,"name":"Click to \"Add\" button of label \"Assigned Immigration Records\"","match":{"arguments":[{"val":"\"Add\"","offset":9},{"val":"\"Assigned Immigration Records\"","offset":31}],"location":"stepDefinitions.CommonPageSteps.clickToButtonOfLabel(java.lang.String,java.lang.String)"},"keyword":"And "},{"result":{"status":"skipped"},"line":120,"name":"The \"Add Immigration\" page will displayed","match":{"arguments":[{"val":"\"Add Immigration\"","offset":4}],"location":"stepDefinitions.CommonPageSteps.thePageWillDisplayed(java.lang.String)"},"keyword":"And "},{"result":{"status":"skipped"},"line":121,"name":"Input Immigration information with data","match":{"location":"stepDefinitions.PIM.ImmigrationPageSteps.inputImmigrationInformationWithData(io.cucumber.datatable.DataTable)"},"rows":[{"cells":["documentType","docNumber","issuedDate","expiryDate","issuedBy","eligibleReviewDate"]},{"cells":["Passport","422016774","2017/01/02","2027/01/02","United States","2023/01/02"]}],"keyword":"When "},{"result":{"status":"skipped"},"line":124,"name":"Click to \"Save\" button","match":{"arguments":[{"val":"\"Save\"","offset":9}],"location":"stepDefinitions.CommonPageSteps.clickToButton(java.lang.String)"},"keyword":"And "},{"result":{"status":"skipped"},"line":125,"name":"Success message \"Successfully Saved\" displayed","match":{"arguments":[{"val":"\"Successfully Saved\"","offset":16}],"location":"stepDefinitions.CommonPageSteps.successMessageDisplayed(java.lang.String)"},"keyword":"Then "},{"result":{"status":"skipped"},"line":126,"name":"wait a second","match":{"location":"stepDefinitions.CommonPageSteps.waitForASecond()"},"keyword":"And "},{"result":{"status":"skipped"},"line":127,"name":"Immigration information displayed correct as input","match":{"location":"stepDefinitions.PIM.ImmigrationPageSteps.immigrationInformationDisplayedCorrect(io.cucumber.datatable.DataTable)"},"rows":[{"cells":["documentType","docNumber","issuedDate","expiryDate","issuedBy","eligibleReviewDate"]},{"cells":["Passport","422016774","2017/01/02","2027/01/02","United States","2023/01/02"]}],"keyword":"And "}]}],"name":"Add new Employee","description":"","id":"add-new-employee","keyword":"Feature","uri":"file:src/test/java/features/05_pim_employee.feature","tags":[]}]