<?xml version="1.0" encoding="UTF-8"?>
<testsuite xmlns:xsi="http://www.w3.org/2001/XMLSchema-instance" xsi:noNamespaceSchemaLocation="https://maven.apache.org/surefire/maven-surefire-plugin/xsd/surefire-test-report-3.0.xsd" version="3.0" name="cucumberOptions.TestRunner" time="186.49" tests="14" errors="0" skipped="0" failures="3">
  <properties>
    <property name="java.specification.version" value="17"/>
    <property name="sun.cpu.isalist" value="amd64"/>
    <property name="sun.jnu.encoding" value="Cp1252"/>
    <property name="java.class.path" value="D:\Automation testing\03 - Java Hybrid Framework\orangehrm-selenium-cucumber\target\test-classes;D:\Automation testing\03 - Java Hybrid Framework\orangehrm-selenium-cucumber\target\classes;C:\Users\DELL\.m2\repository\io\cucumber\cucumber-java\7.20.1\cucumber-java-7.20.1.jar;C:\Users\DELL\.m2\repository\org\apiguardian\apiguardian-api\1.1.2\apiguardian-api-1.1.2.jar;C:\Users\DELL\.m2\repository\io\cucumber\cucumber-junit\7.20.1\cucumber-junit-7.20.1.jar;C:\Users\DELL\.m2\repository\junit\junit\4.13.2\junit-4.13.2.jar;C:\Users\DELL\.m2\repository\org\hamcrest\hamcrest-core\1.3\hamcrest-core-1.3.jar;C:\Users\DELL\.m2\repository\io\cucumber\cucumber-core\7.20.1\cucumber-core-7.20.1.jar;C:\Users\DELL\.m2\repository\io\cucumber\cucumber-gherkin\7.20.1\cucumber-gherkin-7.20.1.jar;C:\Users\DELL\.m2\repository\io\cucumber\cucumber-gherkin-messages\7.20.1\cucumber-gherkin-messages-7.20.1.jar;C:\Users\DELL\.m2\repository\io\cucumber\gherkin\28.0.0\gherkin-28.0.0.jar;C:\Users\DELL\.m2\repository\io\cucumber\messages\24.1.0\messages-24.1.0.jar;C:\Users\DELL\.m2\repository\io\cucumber\testng-xml-formatter\0.2.0\testng-xml-formatter-0.2.0.jar;C:\Users\DELL\.m2\repository\io\cucumber\query\12.2.0\query-12.2.0.jar;C:\Users\DELL\.m2\repository\io\cucumber\tag-expressions\6.1.0\tag-expressions-6.1.0.jar;C:\Users\DELL\.m2\repository\io\cucumber\cucumber-expressions\17.1.0\cucumber-expressions-17.1.0.jar;C:\Users\DELL\.m2\repository\io\cucumber\datatable\7.20.1\datatable-7.20.1.jar;C:\Users\DELL\.m2\repository\io\cucumber\cucumber-plugin\7.20.1\cucumber-plugin-7.20.1.jar;C:\Users\DELL\.m2\repository\io\cucumber\docstring\7.20.1\docstring-7.20.1.jar;C:\Users\DELL\.m2\repository\io\cucumber\html-formatter\21.7.0\html-formatter-21.7.0.jar;C:\Users\DELL\.m2\repository\io\cucumber\junit-xml-formatter\0.5.0\junit-xml-formatter-0.5.0.jar;C:\Users\DELL\.m2\repository\io\cucumber\ci-environment\10.0.1\ci-environment-10.0.1.jar;C:\Users\DELL\.m2\repository\io\cucumber\cucumber-testng\7.20.1\cucumber-testng-7.20.1.jar;C:\Users\DELL\.m2\repository\io\cucumber\cucumber-picocontainer\7.20.1\cucumber-picocontainer-7.20.1.jar;C:\Users\DELL\.m2\repository\org\picocontainer\picocontainer\2.15\picocontainer-2.15.jar;C:\Users\DELL\.m2\repository\net\masterthought\cucumber-reporting\5.8.2\cucumber-reporting-5.8.2.jar;C:\Users\DELL\.m2\repository\com\fasterxml\jackson\datatype\jackson-datatype-jsr310\2.17.0\jackson-datatype-jsr310-2.17.0.jar;C:\Users\DELL\.m2\repository\org\apache\velocity\velocity-engine-core\2.3\velocity-engine-core-2.3.jar;C:\Users\DELL\.m2\repository\joda-time\joda-time\2.12.7\joda-time-2.12.7.jar;C:\Users\DELL\.m2\repository\org\apache\commons\commons-configuration2\2.10.1\commons-configuration2-2.10.1.jar;C:\Users\DELL\.m2\repository\org\apache\commons\commons-lang3\3.14.0\commons-lang3-3.14.0.jar;C:\Users\DELL\.m2\repository\commons-io\commons-io\2.16.1\commons-io-2.16.1.jar;C:\Users\DELL\.m2\repository\org\apache\commons\commons-text\1.11.0\commons-text-1.11.0.jar;C:\Users\DELL\.m2\repository\org\jsoup\jsoup\1.17.2\jsoup-1.17.2.jar;C:\Users\DELL\.m2\repository\com\googlecode\owasp-java-html-sanitizer\owasp-java-html-sanitizer\20240325.1\owasp-java-html-sanitizer-20240325.1.jar;C:\Users\DELL\.m2\repository\com\googlecode\owasp-java-html-sanitizer\java8-shim\20240325.1\java8-shim-20240325.1.jar;C:\Users\DELL\.m2\repository\com\googlecode\owasp-java-html-sanitizer\java10-shim\20240325.1\java10-shim-20240325.1.jar;C:\Users\DELL\.m2\repository\org\slf4j\slf4j-api\2.0.13\slf4j-api-2.0.13.jar;C:\Users\DELL\.m2\repository\org\slf4j\jcl-over-slf4j\2.0.13\jcl-over-slf4j-2.0.13.jar;C:\Users\DELL\.m2\repository\org\testng\testng\7.10.2\testng-7.10.2.jar;C:\Users\DELL\.m2\repository\com\beust\jcommander\1.82\jcommander-1.82.jar;C:\Users\DELL\.m2\repository\org\webjars\jquery\3.7.1\jquery-3.7.1.jar;C:\Users\DELL\.m2\repository\org\seleniumhq\selenium\selenium-java\4.21.0\selenium-java-4.21.0.jar;C:\Users\DELL\.m2\repository\org\seleniumhq\selenium\selenium-api\4.21.0\selenium-api-4.21.0.jar;C:\Users\DELL\.m2\repository\org\seleniumhq\selenium\selenium-chrome-driver\4.21.0\selenium-chrome-driver-4.21.0.jar;C:\Users\DELL\.m2\repository\org\seleniumhq\selenium\selenium-chromium-driver\4.21.0\selenium-chromium-driver-4.21.0.jar;C:\Users\DELL\.m2\repository\org\seleniumhq\selenium\selenium-manager\4.21.0\selenium-manager-4.21.0.jar;C:\Users\DELL\.m2\repository\org\seleniumhq\selenium\selenium-devtools-v123\4.21.0\selenium-devtools-v123-4.21.0.jar;C:\Users\DELL\.m2\repository\org\seleniumhq\selenium\selenium-devtools-v124\4.21.0\selenium-devtools-v124-4.21.0.jar;C:\Users\DELL\.m2\repository\org\seleniumhq\selenium\selenium-devtools-v125\4.21.0\selenium-devtools-v125-4.21.0.jar;C:\Users\DELL\.m2\repository\org\seleniumhq\selenium\selenium-devtools-v85\4.21.0\selenium-devtools-v85-4.21.0.jar;C:\Users\DELL\.m2\repository\org\seleniumhq\selenium\selenium-edge-driver\4.21.0\selenium-edge-driver-4.21.0.jar;C:\Users\DELL\.m2\repository\org\seleniumhq\selenium\selenium-firefox-driver\4.21.0\selenium-firefox-driver-4.21.0.jar;C:\Users\DELL\.m2\repository\org\seleniumhq\selenium\selenium-http\4.21.0\selenium-http-4.21.0.jar;C:\Users\DELL\.m2\repository\dev\failsafe\failsafe\3.3.2\failsafe-3.3.2.jar;C:\Users\DELL\.m2\repository\org\seleniumhq\selenium\selenium-ie-driver\4.21.0\selenium-ie-driver-4.21.0.jar;C:\Users\DELL\.m2\repository\org\seleniumhq\selenium\selenium-remote-driver\4.21.0\selenium-remote-driver-4.21.0.jar;C:\Users\DELL\.m2\repository\io\opentelemetry\semconv\opentelemetry-semconv\1.25.0-alpha\opentelemetry-semconv-1.25.0-alpha.jar;C:\Users\DELL\.m2\repository\io\opentelemetry\opentelemetry-api\1.38.0\opentelemetry-api-1.38.0.jar;C:\Users\DELL\.m2\repository\io\opentelemetry\opentelemetry-context\1.38.0\opentelemetry-context-1.38.0.jar;C:\Users\DELL\.m2\repository\io\opentelemetry\opentelemetry-exporter-logging\1.38.0\opentelemetry-exporter-logging-1.38.0.jar;C:\Users\DELL\.m2\repository\io\opentelemetry\opentelemetry-sdk-common\1.38.0\opentelemetry-sdk-common-1.38.0.jar;C:\Users\DELL\.m2\repository\io\opentelemetry\opentelemetry-sdk-extension-autoconfigure-spi\1.38.0\opentelemetry-sdk-extension-autoconfigure-spi-1.38.0.jar;C:\Users\DELL\.m2\repository\io\opentelemetry\opentelemetry-sdk-extension-autoconfigure\1.38.0\opentelemetry-sdk-extension-autoconfigure-1.38.0.jar;C:\Users\DELL\.m2\repository\io\opentelemetry\opentelemetry-api-incubator\1.38.0-alpha\opentelemetry-api-incubator-1.38.0-alpha.jar;C:\Users\DELL\.m2\repository\io\opentelemetry\opentelemetry-sdk-trace\1.38.0\opentelemetry-sdk-trace-1.38.0.jar;C:\Users\DELL\.m2\repository\io\opentelemetry\opentelemetry-sdk\1.38.0\opentelemetry-sdk-1.38.0.jar;C:\Users\DELL\.m2\repository\io\opentelemetry\opentelemetry-sdk-metrics\1.38.0\opentelemetry-sdk-metrics-1.38.0.jar;C:\Users\DELL\.m2\repository\io\opentelemetry\opentelemetry-sdk-logs\1.38.0\opentelemetry-sdk-logs-1.38.0.jar;C:\Users\DELL\.m2\repository\org\seleniumhq\selenium\selenium-os\4.21.0\selenium-os-4.21.0.jar;C:\Users\DELL\.m2\repository\org\apache\commons\commons-exec\1.4.0\commons-exec-1.4.0.jar;C:\Users\DELL\.m2\repository\org\seleniumhq\selenium\selenium-safari-driver\4.21.0\selenium-safari-driver-4.21.0.jar;C:\Users\DELL\.m2\repository\org\seleniumhq\selenium\selenium-support\4.21.0\selenium-support-4.21.0.jar;C:\Users\DELL\.m2\repository\com\google\auto\service\auto-service-annotations\1.1.1\auto-service-annotations-1.1.1.jar;C:\Users\DELL\.m2\repository\com\google\guava\guava\33.2.0-jre\guava-33.2.0-jre.jar;C:\Users\DELL\.m2\repository\com\google\guava\failureaccess\1.0.2\failureaccess-1.0.2.jar;C:\Users\DELL\.m2\repository\com\google\guava\listenablefuture\9999.0-empty-to-avoid-conflict-with-guava\listenablefuture-9999.0-empty-to-avoid-conflict-with-guava.jar;C:\Users\DELL\.m2\repository\com\google\code\findbugs\jsr305\3.0.2\jsr305-3.0.2.jar;C:\Users\DELL\.m2\repository\org\checkerframework\checker-qual\3.42.0\checker-qual-3.42.0.jar;C:\Users\DELL\.m2\repository\com\google\errorprone\error_prone_annotations\2.26.1\error_prone_annotations-2.26.1.jar;C:\Users\DELL\.m2\repository\com\google\j2objc\j2objc-annotations\3.0.0\j2objc-annotations-3.0.0.jar;C:\Users\DELL\.m2\repository\net\bytebuddy\byte-buddy\1.14.15\byte-buddy-1.14.15.jar;C:\Users\DELL\.m2\repository\org\seleniumhq\selenium\selenium-json\4.21.0\selenium-json-4.21.0.jar;C:\Users\DELL\.m2\repository\com\fasterxml\jackson\core\jackson-core\2.17.2\jackson-core-2.17.2.jar;C:\Users\DELL\.m2\repository\com\fasterxml\jackson\core\jackson-databind\2.17.2\jackson-databind-2.17.2.jar;C:\Users\DELL\.m2\repository\com\aventstack\extentreports\5.1.2\extentreports-5.1.2.jar;C:\Users\DELL\.m2\repository\io\reactivex\rxjava3\rxjava\3.1.6\rxjava-3.1.6.jar;C:\Users\DELL\.m2\repository\org\reactivestreams\reactive-streams\1.0.4\reactive-streams-1.0.4.jar;C:\Users\DELL\.m2\repository\org\freemarker\freemarker\2.3.32\freemarker-2.3.32.jar;C:\Users\DELL\.m2\repository\com\google\code\gson\gson\2.10.1\gson-2.10.1.jar;C:\Users\DELL\.m2\repository\org\apache\logging\log4j\log4j-core\2.19.0\log4j-core-2.19.0.jar;C:\Users\DELL\.m2\repository\org\apache\logging\log4j\log4j-api\2.19.0\log4j-api-2.19.0.jar;C:\Users\DELL\.m2\repository\org\aspectj\aspectjweaver\1.9.8\aspectjweaver-1.9.8.jar;C:\Users\DELL\.m2\repository\com\github\javafaker\javafaker\1.0.2\javafaker-1.0.2.jar;C:\Users\DELL\.m2\repository\org\yaml\snakeyaml\1.23\snakeyaml-1.23-android.jar;C:\Users\DELL\.m2\repository\com\github\mifmif\generex\1.0.2\generex-1.0.2.jar;C:\Users\DELL\.m2\repository\dk\brics\automaton\automaton\1.11-8\automaton-1.11-8.jar;C:\Users\DELL\.m2\repository\com\fasterxml\jackson\core\jackson-annotations\2.17.2\jackson-annotations-2.17.2.jar;C:\Users\DELL\.m2\repository\org\projectlombok\lombok\1.18.20\lombok-1.18.20.jar;"/>
    <property name="java.vm.vendor" value="Oracle Corporation"/>
    <property name="sun.arch.data.model" value="64"/>
    <property name="user.variant" value=""/>
    <property name="java.vendor.url" value="https://java.oracle.com/"/>
    <property name="user.timezone" value="Asia/Bangkok"/>
    <property name="os.name" value="Windows 10"/>
    <property name="java.vm.specification.version" value="17"/>
    <property name="sun.java.launcher" value="SUN_STANDARD"/>
    <property name="user.country" value="US"/>
    <property name="sun.boot.library.path" value="C:\Program Files\Java\jdk-17\bin"/>
    <property name="sun.java.command" value="C:\Users\DELL\AppData\Local\Temp\surefire12603835109497335278\surefirebooter-20241208221438699_3.jar C:\Users\DELL\AppData\Local\Temp\surefire12603835109497335278 2024-12-08T22-14-38_565-jvmRun1 surefire-20241208221438699_1tmp surefire_0-20241208221438699_2tmp"/>
    <property name="jdk.debug" value="release"/>
    <property name="surefire.test.class.path" value="D:\Automation testing\03 - Java Hybrid Framework\orangehrm-selenium-cucumber\target\test-classes;D:\Automation testing\03 - Java Hybrid Framework\orangehrm-selenium-cucumber\target\classes;C:\Users\DELL\.m2\repository\io\cucumber\cucumber-java\7.20.1\cucumber-java-7.20.1.jar;C:\Users\DELL\.m2\repository\org\apiguardian\apiguardian-api\1.1.2\apiguardian-api-1.1.2.jar;C:\Users\DELL\.m2\repository\io\cucumber\cucumber-junit\7.20.1\cucumber-junit-7.20.1.jar;C:\Users\DELL\.m2\repository\junit\junit\4.13.2\junit-4.13.2.jar;C:\Users\DELL\.m2\repository\org\hamcrest\hamcrest-core\1.3\hamcrest-core-1.3.jar;C:\Users\DELL\.m2\repository\io\cucumber\cucumber-core\7.20.1\cucumber-core-7.20.1.jar;C:\Users\DELL\.m2\repository\io\cucumber\cucumber-gherkin\7.20.1\cucumber-gherkin-7.20.1.jar;C:\Users\DELL\.m2\repository\io\cucumber\cucumber-gherkin-messages\7.20.1\cucumber-gherkin-messages-7.20.1.jar;C:\Users\DELL\.m2\repository\io\cucumber\gherkin\28.0.0\gherkin-28.0.0.jar;C:\Users\DELL\.m2\repository\io\cucumber\messages\24.1.0\messages-24.1.0.jar;C:\Users\DELL\.m2\repository\io\cucumber\testng-xml-formatter\0.2.0\testng-xml-formatter-0.2.0.jar;C:\Users\DELL\.m2\repository\io\cucumber\query\12.2.0\query-12.2.0.jar;C:\Users\DELL\.m2\repository\io\cucumber\tag-expressions\6.1.0\tag-expressions-6.1.0.jar;C:\Users\DELL\.m2\repository\io\cucumber\cucumber-expressions\17.1.0\cucumber-expressions-17.1.0.jar;C:\Users\DELL\.m2\repository\io\cucumber\datatable\7.20.1\datatable-7.20.1.jar;C:\Users\DELL\.m2\repository\io\cucumber\cucumber-plugin\7.20.1\cucumber-plugin-7.20.1.jar;C:\Users\DELL\.m2\repository\io\cucumber\docstring\7.20.1\docstring-7.20.1.jar;C:\Users\DELL\.m2\repository\io\cucumber\html-formatter\21.7.0\html-formatter-21.7.0.jar;C:\Users\DELL\.m2\repository\io\cucumber\junit-xml-formatter\0.5.0\junit-xml-formatter-0.5.0.jar;C:\Users\DELL\.m2\repository\io\cucumber\ci-environment\10.0.1\ci-environment-10.0.1.jar;C:\Users\DELL\.m2\repository\io\cucumber\cucumber-testng\7.20.1\cucumber-testng-7.20.1.jar;C:\Users\DELL\.m2\repository\io\cucumber\cucumber-picocontainer\7.20.1\cucumber-picocontainer-7.20.1.jar;C:\Users\DELL\.m2\repository\org\picocontainer\picocontainer\2.15\picocontainer-2.15.jar;C:\Users\DELL\.m2\repository\net\masterthought\cucumber-reporting\5.8.2\cucumber-reporting-5.8.2.jar;C:\Users\DELL\.m2\repository\com\fasterxml\jackson\datatype\jackson-datatype-jsr310\2.17.0\jackson-datatype-jsr310-2.17.0.jar;C:\Users\DELL\.m2\repository\org\apache\velocity\velocity-engine-core\2.3\velocity-engine-core-2.3.jar;C:\Users\DELL\.m2\repository\joda-time\joda-time\2.12.7\joda-time-2.12.7.jar;C:\Users\DELL\.m2\repository\org\apache\commons\commons-configuration2\2.10.1\commons-configuration2-2.10.1.jar;C:\Users\DELL\.m2\repository\org\apache\commons\commons-lang3\3.14.0\commons-lang3-3.14.0.jar;C:\Users\DELL\.m2\repository\commons-io\commons-io\2.16.1\commons-io-2.16.1.jar;C:\Users\DELL\.m2\repository\org\apache\commons\commons-text\1.11.0\commons-text-1.11.0.jar;C:\Users\DELL\.m2\repository\org\jsoup\jsoup\1.17.2\jsoup-1.17.2.jar;C:\Users\DELL\.m2\repository\com\googlecode\owasp-java-html-sanitizer\owasp-java-html-sanitizer\20240325.1\owasp-java-html-sanitizer-20240325.1.jar;C:\Users\DELL\.m2\repository\com\googlecode\owasp-java-html-sanitizer\java8-shim\20240325.1\java8-shim-20240325.1.jar;C:\Users\DELL\.m2\repository\com\googlecode\owasp-java-html-sanitizer\java10-shim\20240325.1\java10-shim-20240325.1.jar;C:\Users\DELL\.m2\repository\org\slf4j\slf4j-api\2.0.13\slf4j-api-2.0.13.jar;C:\Users\DELL\.m2\repository\org\slf4j\jcl-over-slf4j\2.0.13\jcl-over-slf4j-2.0.13.jar;C:\Users\DELL\.m2\repository\org\testng\testng\7.10.2\testng-7.10.2.jar;C:\Users\DELL\.m2\repository\com\beust\jcommander\1.82\jcommander-1.82.jar;C:\Users\DELL\.m2\repository\org\webjars\jquery\3.7.1\jquery-3.7.1.jar;C:\Users\DELL\.m2\repository\org\seleniumhq\selenium\selenium-java\4.21.0\selenium-java-4.21.0.jar;C:\Users\DELL\.m2\repository\org\seleniumhq\selenium\selenium-api\4.21.0\selenium-api-4.21.0.jar;C:\Users\DELL\.m2\repository\org\seleniumhq\selenium\selenium-chrome-driver\4.21.0\selenium-chrome-driver-4.21.0.jar;C:\Users\DELL\.m2\repository\org\seleniumhq\selenium\selenium-chromium-driver\4.21.0\selenium-chromium-driver-4.21.0.jar;C:\Users\DELL\.m2\repository\org\seleniumhq\selenium\selenium-manager\4.21.0\selenium-manager-4.21.0.jar;C:\Users\DELL\.m2\repository\org\seleniumhq\selenium\selenium-devtools-v123\4.21.0\selenium-devtools-v123-4.21.0.jar;C:\Users\DELL\.m2\repository\org\seleniumhq\selenium\selenium-devtools-v124\4.21.0\selenium-devtools-v124-4.21.0.jar;C:\Users\DELL\.m2\repository\org\seleniumhq\selenium\selenium-devtools-v125\4.21.0\selenium-devtools-v125-4.21.0.jar;C:\Users\DELL\.m2\repository\org\seleniumhq\selenium\selenium-devtools-v85\4.21.0\selenium-devtools-v85-4.21.0.jar;C:\Users\DELL\.m2\repository\org\seleniumhq\selenium\selenium-edge-driver\4.21.0\selenium-edge-driver-4.21.0.jar;C:\Users\DELL\.m2\repository\org\seleniumhq\selenium\selenium-firefox-driver\4.21.0\selenium-firefox-driver-4.21.0.jar;C:\Users\DELL\.m2\repository\org\seleniumhq\selenium\selenium-http\4.21.0\selenium-http-4.21.0.jar;C:\Users\DELL\.m2\repository\dev\failsafe\failsafe\3.3.2\failsafe-3.3.2.jar;C:\Users\DELL\.m2\repository\org\seleniumhq\selenium\selenium-ie-driver\4.21.0\selenium-ie-driver-4.21.0.jar;C:\Users\DELL\.m2\repository\org\seleniumhq\selenium\selenium-remote-driver\4.21.0\selenium-remote-driver-4.21.0.jar;C:\Users\DELL\.m2\repository\io\opentelemetry\semconv\opentelemetry-semconv\1.25.0-alpha\opentelemetry-semconv-1.25.0-alpha.jar;C:\Users\DELL\.m2\repository\io\opentelemetry\opentelemetry-api\1.38.0\opentelemetry-api-1.38.0.jar;C:\Users\DELL\.m2\repository\io\opentelemetry\opentelemetry-context\1.38.0\opentelemetry-context-1.38.0.jar;C:\Users\DELL\.m2\repository\io\opentelemetry\opentelemetry-exporter-logging\1.38.0\opentelemetry-exporter-logging-1.38.0.jar;C:\Users\DELL\.m2\repository\io\opentelemetry\opentelemetry-sdk-common\1.38.0\opentelemetry-sdk-common-1.38.0.jar;C:\Users\DELL\.m2\repository\io\opentelemetry\opentelemetry-sdk-extension-autoconfigure-spi\1.38.0\opentelemetry-sdk-extension-autoconfigure-spi-1.38.0.jar;C:\Users\DELL\.m2\repository\io\opentelemetry\opentelemetry-sdk-extension-autoconfigure\1.38.0\opentelemetry-sdk-extension-autoconfigure-1.38.0.jar;C:\Users\DELL\.m2\repository\io\opentelemetry\opentelemetry-api-incubator\1.38.0-alpha\opentelemetry-api-incubator-1.38.0-alpha.jar;C:\Users\DELL\.m2\repository\io\opentelemetry\opentelemetry-sdk-trace\1.38.0\opentelemetry-sdk-trace-1.38.0.jar;C:\Users\DELL\.m2\repository\io\opentelemetry\opentelemetry-sdk\1.38.0\opentelemetry-sdk-1.38.0.jar;C:\Users\DELL\.m2\repository\io\opentelemetry\opentelemetry-sdk-metrics\1.38.0\opentelemetry-sdk-metrics-1.38.0.jar;C:\Users\DELL\.m2\repository\io\opentelemetry\opentelemetry-sdk-logs\1.38.0\opentelemetry-sdk-logs-1.38.0.jar;C:\Users\DELL\.m2\repository\org\seleniumhq\selenium\selenium-os\4.21.0\selenium-os-4.21.0.jar;C:\Users\DELL\.m2\repository\org\apache\commons\commons-exec\1.4.0\commons-exec-1.4.0.jar;C:\Users\DELL\.m2\repository\org\seleniumhq\selenium\selenium-safari-driver\4.21.0\selenium-safari-driver-4.21.0.jar;C:\Users\DELL\.m2\repository\org\seleniumhq\selenium\selenium-support\4.21.0\selenium-support-4.21.0.jar;C:\Users\DELL\.m2\repository\com\google\auto\service\auto-service-annotations\1.1.1\auto-service-annotations-1.1.1.jar;C:\Users\DELL\.m2\repository\com\google\guava\guava\33.2.0-jre\guava-33.2.0-jre.jar;C:\Users\DELL\.m2\repository\com\google\guava\failureaccess\1.0.2\failureaccess-1.0.2.jar;C:\Users\DELL\.m2\repository\com\google\guava\listenablefuture\9999.0-empty-to-avoid-conflict-with-guava\listenablefuture-9999.0-empty-to-avoid-conflict-with-guava.jar;C:\Users\DELL\.m2\repository\com\google\code\findbugs\jsr305\3.0.2\jsr305-3.0.2.jar;C:\Users\DELL\.m2\repository\org\checkerframework\checker-qual\3.42.0\checker-qual-3.42.0.jar;C:\Users\DELL\.m2\repository\com\google\errorprone\error_prone_annotations\2.26.1\error_prone_annotations-2.26.1.jar;C:\Users\DELL\.m2\repository\com\google\j2objc\j2objc-annotations\3.0.0\j2objc-annotations-3.0.0.jar;C:\Users\DELL\.m2\repository\net\bytebuddy\byte-buddy\1.14.15\byte-buddy-1.14.15.jar;C:\Users\DELL\.m2\repository\org\seleniumhq\selenium\selenium-json\4.21.0\selenium-json-4.21.0.jar;C:\Users\DELL\.m2\repository\com\fasterxml\jackson\core\jackson-core\2.17.2\jackson-core-2.17.2.jar;C:\Users\DELL\.m2\repository\com\fasterxml\jackson\core\jackson-databind\2.17.2\jackson-databind-2.17.2.jar;C:\Users\DELL\.m2\repository\com\aventstack\extentreports\5.1.2\extentreports-5.1.2.jar;C:\Users\DELL\.m2\repository\io\reactivex\rxjava3\rxjava\3.1.6\rxjava-3.1.6.jar;C:\Users\DELL\.m2\repository\org\reactivestreams\reactive-streams\1.0.4\reactive-streams-1.0.4.jar;C:\Users\DELL\.m2\repository\org\freemarker\freemarker\2.3.32\freemarker-2.3.32.jar;C:\Users\DELL\.m2\repository\com\google\code\gson\gson\2.10.1\gson-2.10.1.jar;C:\Users\DELL\.m2\repository\org\apache\logging\log4j\log4j-core\2.19.0\log4j-core-2.19.0.jar;C:\Users\DELL\.m2\repository\org\apache\logging\log4j\log4j-api\2.19.0\log4j-api-2.19.0.jar;C:\Users\DELL\.m2\repository\org\aspectj\aspectjweaver\1.9.8\aspectjweaver-1.9.8.jar;C:\Users\DELL\.m2\repository\com\github\javafaker\javafaker\1.0.2\javafaker-1.0.2.jar;C:\Users\DELL\.m2\repository\org\yaml\snakeyaml\1.23\snakeyaml-1.23-android.jar;C:\Users\DELL\.m2\repository\com\github\mifmif\generex\1.0.2\generex-1.0.2.jar;C:\Users\DELL\.m2\repository\dk\brics\automaton\automaton\1.11-8\automaton-1.11-8.jar;C:\Users\DELL\.m2\repository\com\fasterxml\jackson\core\jackson-annotations\2.17.2\jackson-annotations-2.17.2.jar;C:\Users\DELL\.m2\repository\org\projectlombok\lombok\1.18.20\lombok-1.18.20.jar;"/>
    <property name="sun.cpu.endian" value="little"/>
    <property name="user.home" value="C:\Users\DELL"/>
    <property name="user.language" value="en"/>
    <property name="java.specification.vendor" value="Oracle Corporation"/>
    <property name="java.version.date" value="2024-04-16"/>
    <property name="java.home" value="C:\Program Files\Java\jdk-17"/>
    <property name="file.separator" value="\"/>
    <property name="basedir" value="D:\Automation testing\03 - Java Hybrid Framework\orangehrm-selenium-cucumber"/>
    <property name="java.vm.compressedOopsMode" value="Zero based"/>
    <property name="line.separator" value="&#10;"/>
    <property name="java.vm.specification.vendor" value="Oracle Corporation"/>
    <property name="java.specification.name" value="Java Platform API Specification"/>
    <property name="surefire.real.class.path" value="C:\Users\DELL\AppData\Local\Temp\surefire12603835109497335278\surefirebooter-20241208221438699_3.jar"/>
    <property name="user.script" value=""/>
    <property name="sun.management.compiler" value="HotSpot 64-Bit Tiered Compilers"/>
    <property name="java.runtime.version" value="17.0.11+7-LTS-207"/>
    <property name="user.name" value="DELL"/>
    <property name="path.separator" value=";"/>
    <property name="os.version" value="10.0"/>
    <property name="java.runtime.name" value="Java(TM) SE Runtime Environment"/>
    <property name="file.encoding" value="Cp1252"/>
    <property name="java.vm.name" value="Java HotSpot(TM) 64-Bit Server VM"/>
    <property name="localRepository" value="C:\Users\DELL\.m2\repository"/>
    <property name="java.vendor.url.bug" value="https://bugreport.java.com/bugreport/"/>
    <property name="java.io.tmpdir" value="C:\Users\DELL\AppData\Local\Temp\"/>
    <property name="java.version" value="17.0.11"/>
    <property name="user.dir" value="D:\Automation testing\03 - Java Hybrid Framework\orangehrm-selenium-cucumber"/>
    <property name="os.arch" value="amd64"/>
    <property name="java.vm.specification.name" value="Java Virtual Machine Specification"/>
    <property name="sun.os.patch.level" value=""/>
    <property name="native.encoding" value="Cp1252"/>
    <property name="environment" value="demo"/>
    <property name="java.library.path" value="C:\Program Files\Java\jdk-17\bin;C:\WINDOWS\Sun\Java\bin;C:\WINDOWS\system32;C:\WINDOWS;C:\Program Files\Microsoft MPI\Bin\;C:\Program Files\Common Files\Oracle\Java\javapath;C:\WINDOWS\system32;C:\WINDOWS;C:\WINDOWS\System32\Wbem;C:\WINDOWS\System32\WindowsPowerShell\v1.0\;C:\WINDOWS\System32\OpenSSH\;C:\Program Files\nodejs\;C:\Program Files\Git\cmd;C:\Program Files\dotnet\;C:\Program Files (x86)\Microsoft SQL Server\160\Tools\Binn\;C:\Program Files\Microsoft SQL Server\160\Tools\Binn\;C:\Program Files\Microsoft SQL Server\Client SDK\ODBC\170\Tools\Binn\;C:\Program Files\Microsoft SQL Server\160\DTS\Binn\;C:\Program Files (x86)\Microsoft SQL Server\160\DTS\Binn\;C:\Program Files\Java\jdk-17\bin;D:\Automation testing\01 - Software\allure-2.32.0\allure-2.32.0\bin;D:\Automation testing\01 - Software\apache-maven-3.9.9-bin\apache-maven-3.9.9\bin;D:\Automation testing\01 - Software\gradle-7.3.3-bin\gradle-7.3.3\bin;D:\Automation testing\01 - Software\cmder_mini\bin;C:\Users\DELL\AppData\Local\Microsoft\WindowsApps;;C:\Users\DELL\AppData\Local\Programs\Microsoft VS Code\bin;C:\Users\DELL\AppData\Roaming\npm;."/>
    <property name="java.vm.info" value="mixed mode, sharing"/>
    <property name="java.vendor" value="Oracle Corporation"/>
    <property name="java.vm.version" value="17.0.11+7-LTS-207"/>
    <property name="sun.io.unicode.encoding" value="UnicodeLittle"/>
    <property name="java.class.version" value="61.0"/>
  </properties>
  <testcase name="runScenario[&quot;Log into to OrangeHRM site as Admin role successfully&quot;, &quot;Login to OrangeHRM site&quot;](1)" classname="cucumberOptions.TestRunner" time="11.657">
    <system-out><![CDATA[
@run
Scenario: Log into to OrangeHRM site as Admin role successfully # src/test/java/features/01_login.feature:4
2024-12-08 22:14:40,187 main ERROR Error processing element TestNGAppender ([Appenders: null]): CLASS_NOT_FOUND
2024-12-08 22:14:40,242 main ERROR Unable to locate appender "TestAppender" for logger config "root"
Browser name run by command line = null
[08-12-2024 22:14:40.299 INFO cucumberOptions.Hooks] - TestContext initialized
[08-12-2024 22:14:45.276 INFO cucumberOptions.Hooks] - Opened URL for environment [demo]: https://opensource-demo.orangehrmlive.com/web/index.php/auth/login
[08-12-2024 22:14:45.344 INFO cucumberOptions.Hooks] - ------------- Started the browser -------------
  Given Open the application URL                                # stepDefinitions.LoginPageSteps.openTheApplicationURL()
  When Log into OrangeHRM site as Admin role                    # stepDefinitions.LoginPageSteps.loginToTheAdminPage()
Browser name run by command line = null
  Then The "Dashboard" page will displayed                      # stepDefinitions.CommonPageSteps.thePageWillDisplayed(java.lang.String)
]]></system-out>
    <system-err><![CDATA[SLF4J(W): No SLF4J providers were found.
SLF4J(W): Defaulting to no-operation (NOP) logger implementation
SLF4J(W): See https://www.slf4j.org/codes.html#noProviders for further details.
Dec 08, 2024 10:14:41 PM org.openqa.selenium.devtools.CdpVersionFinder findNearestMatch
WARNING: Unable to find CDP implementation matching 131
Dec 08, 2024 10:14:41 PM org.openqa.selenium.chromium.ChromiumDriver lambda$new$5
WARNING: Unable to find version of CDP to use for 131.0.6778.109. You may need to include a dependency on a specific version of the CDP using something similar to `org.seleniumhq.selenium:selenium-devtools-v86:4.21.0` where the version ("v86") matches the version of the chromium-based browser you're using and the version number of the artifact is the same as Selenium's.
]]></system-err>
  </testcase>
  <testcase name="runScenario[&quot;Add new Job Title fail when input empty data&quot;, &quot;Add new Job Title&quot;](2)" classname="cucumberOptions.TestRunner" time="6.155">
    <system-out><![CDATA[
Scenario: Add new Job Title fail when input empty data              # src/test/java/features/02_admin_job_titles.feature:4
Browser name run by command line = null
  Given Open "Admin" in main menu                                   # stepDefinitions.CommonPageSteps.openMainMenu(java.lang.String)
  And Navigate to "Job Titles" page in header menu "Job"            # stepDefinitions.CommonPageSteps.openPage(java.lang.String,java.lang.String)
  When Click to "Add" button                                        # stepDefinitions.CommonPageSteps.clickToButton(java.lang.String)
  And Click to "Save" button                                        # stepDefinitions.CommonPageSteps.clickToButton(java.lang.String)
  Then Error Message "Required" displayed under "Job Title" textbox # stepDefinitions.CommonPageSteps.errorMessageDisplayedUnderTextbox(java.lang.String,java.lang.String)
]]></system-out>
  </testcase>
  <testcase name="runScenario[&quot;Add new Job Title successfully&quot;, &quot;Add new Job Title&quot;](3)" classname="cucumberOptions.TestRunner" time="14.362">
    <system-out><![CDATA[
Scenario Outline: Add new Job Title successfully               # src/test/java/features/02_admin_job_titles.feature:25
Browser name run by command line = null
  Given Open "Admin" in main menu                              # stepDefinitions.CommonPageSteps.openMainMenu(java.lang.String)
  And Navigate to "Job Titles" page in header menu "Job"       # stepDefinitions.CommonPageSteps.openPage(java.lang.String,java.lang.String)
  When Click to "Add" button                                   # stepDefinitions.CommonPageSteps.clickToButton(java.lang.String)
  And Input to "Job Title" textbox with value "Tester"         # stepDefinitions.CommonPageSteps.inputToTextboxWithValue(java.lang.String,java.lang.String)
  And Upload a file for "Job Specification"                    # stepDefinitions.CommonPageSteps.uploadAFileFor(java.lang.String)
  And Verify file uploaded successfully in "Job Specification" # stepDefinitions.CommonPageSteps.verifyFileUploadedSuccessfully(java.lang.String)
  And Click to "Save" button                                   # stepDefinitions.CommonPageSteps.clickToButton(java.lang.String)
  Then Success message "Successfully Saved" displayed          # stepDefinitions.CommonPageSteps.successMessageDisplayed(java.lang.String)
  And wait a second                                            # stepDefinitions.CommonPageSteps.waitForASecond()
  And The column "Job Titles" will display value "Tester"      # stepDefinitions.CommonPageSteps.verifyTextDisplayedInTable(java.lang.String,java.lang.String)
]]></system-out>
  </testcase>
  <testcase name="runScenario[&quot;Add new Pay Grades fail when input empty data&quot;, &quot;Add new Pay Grades&quot;](4)" classname="cucumberOptions.TestRunner" time="5.276">
    <system-out><![CDATA[
Scenario: Add new Pay Grades fail when input empty data        # src/test/java/features/03_admin_pay_grades.feature:4
Browser name run by command line = null
  Given Open "Admin" in main menu                              # stepDefinitions.CommonPageSteps.openMainMenu(java.lang.String)
  And Navigate to "Pay Grades" page in header menu "Job"       # stepDefinitions.CommonPageSteps.openPage(java.lang.String,java.lang.String)
  When Click to "Add" button                                   # stepDefinitions.CommonPageSteps.clickToButton(java.lang.String)
  And Click to "Save" button                                   # stepDefinitions.CommonPageSteps.clickToButton(java.lang.String)
  Then Error Message "Required" displayed under "Name" textbox # stepDefinitions.CommonPageSteps.errorMessageDisplayedUnderTextbox(java.lang.String,java.lang.String)
]]></system-out>
  </testcase>
  <testcase name="runScenario[&quot;Add new Pay Grades successfully&quot;, &quot;Add new Pay Grades&quot;](5)" classname="cucumberOptions.TestRunner" time="17.871">
    <system-out><![CDATA[
Scenario Outline: Add new Pay Grades successfully                                            # src/test/java/features/03_admin_pay_grades.feature:33
Browser name run by command line = null
  Given Open "Admin" in main menu                                                            # stepDefinitions.CommonPageSteps.openMainMenu(java.lang.String)
  And Navigate to "Pay Grades" page in header menu "Job"                                     # stepDefinitions.CommonPageSteps.openPage(java.lang.String,java.lang.String)
  When Click to "Add" button                                                                 # stepDefinitions.CommonPageSteps.clickToButton(java.lang.String)
  And Input to "Name" textbox with value "1"                                                 # stepDefinitions.CommonPageSteps.inputToTextboxWithValue(java.lang.String,java.lang.String)
  And Click to "Save" button                                                                 # stepDefinitions.CommonPageSteps.clickToButton(java.lang.String)
  And wait a second                                                                          # stepDefinitions.CommonPageSteps.waitForASecond()
  And wait a second                                                                          # stepDefinitions.CommonPageSteps.waitForASecond()
  Then Verify "Name" textbox text displays "1"                                               # stepDefinitions.CommonPageSteps.verifyTextboxTextDisplays(java.lang.String,java.lang.String)
  And Click to "Add" button of label "Currencies"                                            # stepDefinitions.CommonPageSteps.clickToButtonOfLabel(java.lang.String,java.lang.String)
  And wait a second                                                                          # stepDefinitions.CommonPageSteps.waitForASecond()
  And The "Add Currency" page will displayed                                                 # stepDefinitions.CommonPageSteps.thePageWillDisplayed(java.lang.String)
  And Select item "USD - United States Dollar" in dropdown "Currency"                        # stepDefinitions.CommonPageSteps.selectItemInDropdown(java.lang.String,java.lang.String)
  And Click to Save button of "Add Currency"                                                 # stepDefinitions.CommonPageSteps.clickToSaveButtonWithHeaderName(java.lang.String)
  And wait a second                                                                          # stepDefinitions.CommonPageSteps.waitForASecond()
Browser name run by command line = null
  And Verify the table Currencies displays value "United States Dollar" at column "Currency" # stepDefinitions.Admin.PayGradePageSteps.verifyTheTableCurrenciesDisplaysValue(java.lang.String,java.lang.String)
  When Navigate to "Pay Grades" page in header menu "Job"                                    # stepDefinitions.CommonPageSteps.openPage(java.lang.String,java.lang.String)
  And The column "Name" will display value "1"                                               # stepDefinitions.CommonPageSteps.verifyTextDisplayedInTable(java.lang.String,java.lang.String)
  And The column "Currency" will display value "United States Dollar"                        # stepDefinitions.CommonPageSteps.verifyTextDisplayedInTable(java.lang.String,java.lang.String)
]]></system-out>
  </testcase>
  <testcase name="runScenario[&quot;Add new Employment Status fail when input empty data&quot;, &quot;Add new Employment Status&quot;](6)" classname="cucumberOptions.TestRunner" time="5.558">
    <system-out><![CDATA[
Scenario: Add new Employment Status fail when input empty data  # src/test/java/features/04_admin_employment_status.feature:4
Browser name run by command line = null
  Given Open "Admin" in main menu                               # stepDefinitions.CommonPageSteps.openMainMenu(java.lang.String)
  And Navigate to "Employment Status" page in header menu "Job" # stepDefinitions.CommonPageSteps.openPage(java.lang.String,java.lang.String)
  When Click to "Add" button                                    # stepDefinitions.CommonPageSteps.clickToButton(java.lang.String)
  And Click to "Save" button                                    # stepDefinitions.CommonPageSteps.clickToButton(java.lang.String)
  Then Error Message "Required" displayed under "Name" textbox  # stepDefinitions.CommonPageSteps.errorMessageDisplayedUnderTextbox(java.lang.String,java.lang.String)
]]></system-out>
  </testcase>
  <testcase name="runScenario[&quot;Add new Employment Status successfully&quot;, &quot;Add new Employment Status&quot;](7)" classname="cucumberOptions.TestRunner" time="10.875">
    <system-out><![CDATA[
Scenario Outline: Add new Employment Status successfully            # src/test/java/features/04_admin_employment_status.feature:23
Browser name run by command line = null
  Given Open "Admin" in main menu                                   # stepDefinitions.CommonPageSteps.openMainMenu(java.lang.String)
  And Navigate to "Employment Status" page in header menu "Job"     # stepDefinitions.CommonPageSteps.openPage(java.lang.String,java.lang.String)
  When Click to "Add" button                                        # stepDefinitions.CommonPageSteps.clickToButton(java.lang.String)
  And Input to "Name" textbox with value "full-time"                # stepDefinitions.CommonPageSteps.inputToTextboxWithValue(java.lang.String,java.lang.String)
  And Click to "Save" button                                        # stepDefinitions.CommonPageSteps.clickToButton(java.lang.String)
  Then Success message "Successfully Saved" displayed               # stepDefinitions.CommonPageSteps.successMessageDisplayed(java.lang.String)
  And wait a second                                                 # stepDefinitions.CommonPageSteps.waitForASecond()
  And The column "Employment Status" will display value "full-time" # stepDefinitions.CommonPageSteps.verifyTextDisplayedInTable(java.lang.String,java.lang.String)
]]></system-out>
  </testcase>
  <testcase name="runScenario[&quot;Add new Employee&quot;, &quot;Add new Employee&quot;](8)" classname="cucumberOptions.TestRunner" time="15.331">
    <system-out><![CDATA[
@run
Scenario Outline: Add new Employee                                    # src/test/java/features/05_pim_employee.feature:26
Browser name run by command line = null
  Given Open "PIM" in main menu                                       # stepDefinitions.CommonPageSteps.openMainMenu(java.lang.String)
  And Navigate to "Add Employee" page in header menu                  # stepDefinitions.CommonPageSteps.navigateToPageInHeaderMenu(java.lang.String)
  When Input to "firstName" textbox name with value "John"            # stepDefinitions.CommonPageSteps.inputToTextboxNameWithValue(java.lang.String,java.lang.String)
  And Input to "lastName" textbox name with value "Brown"             # stepDefinitions.CommonPageSteps.inputToTextboxNameWithValue(java.lang.String,java.lang.String)
  And Remember "Employee Id"                                          # stepDefinitions.CommonPageSteps.remember(java.lang.String)
  And Click to "Save" button                                          # stepDefinitions.CommonPageSteps.clickToButton(java.lang.String)
  Then Success message "Successfully Saved" displayed                 # stepDefinitions.CommonPageSteps.successMessageDisplayed(java.lang.String)
  And wait a second                                                   # stepDefinitions.CommonPageSteps.waitForASecond()
  And wait a second                                                   # stepDefinitions.CommonPageSteps.waitForASecond()
  And Verify "firstName" textbox name displays "John"                 # stepDefinitions.CommonPageSteps.verifyTextboxNameDisplays(java.lang.String,java.lang.String)
  And Verify "lastName" textbox name displays "Brown"                 # stepDefinitions.CommonPageSteps.verifyTextboxNameDisplays(java.lang.String,java.lang.String)
  And Verify "Employee Id" textbox text displays "001"                # stepDefinitions.CommonPageSteps.verifyTextboxTextDisplays(java.lang.String,java.lang.String)
  When Navigate to "Employee List" page in header menu                # stepDefinitions.CommonPageSteps.navigateToPageInHeaderMenu(java.lang.String)
  And Input to "Employee Id" textbox with value "001"                 # stepDefinitions.CommonPageSteps.inputToTextboxWithValue(java.lang.String,java.lang.String)
  And Click to "Search" button                                        # stepDefinitions.CommonPageSteps.clickToButton(java.lang.String)
  Then Verify the column "Id" displays value "001"                    # stepDefinitions.CommonPageSteps.verifyTheValueDisplayedAtTheColumn(java.lang.String,java.lang.String)
  And Verify the column "First (& Middle) Name" displays value "John" # stepDefinitions.CommonPageSteps.verifyTheValueDisplayedAtTheColumn(java.lang.String,java.lang.String)
  And Verify the column "Last Name" displays value "Brown"            # stepDefinitions.CommonPageSteps.verifyTheValueDisplayedAtTheColumn(java.lang.String,java.lang.String)
]]></system-out>
  </testcase>
  <testcase name="runScenario[&quot;Update Personal Details for employee&quot;, &quot;Add new Employee&quot;](9)" classname="cucumberOptions.TestRunner" time="13.963">
    <failure message="License Expiry Date mismatch expected [2024-01-03] but found [2024/01/03]" type="java.lang.AssertionError"><![CDATA[java.lang.AssertionError: License Expiry Date mismatch expected [2024-01-03] but found [2024/01/03]
	at org.testng.Assert.fail(Assert.java:111)
	at org.testng.Assert.failNotEquals(Assert.java:1578)
	at org.testng.Assert.assertEqualsImpl(Assert.java:150)
	at org.testng.Assert.assertEquals(Assert.java:132)
	at org.testng.Assert.assertEquals(Assert.java:656)
	at stepDefinitions.PIM.PersonalDetailsPageSteps.personalDetailInformationDisplayedCorrect(PersonalDetailsPageSteps.java:40)
	at ✽.Personal Detail information displayed correct as input(file:///D:/Automation%20testing/03%20-%20Java%20Hybrid%20Framework/orangehrm-selenium-cucumber/src/test/java/features/05_pim_employee.feature:43)
]]></failure>
    <system-out><![CDATA[
@run
Scenario Outline: Update Personal Details for employee                # src/test/java/features/05_pim_employee.feature:49
Browser name run by command line = null
  Given Verify the column "Id" displays value "001"                   # stepDefinitions.CommonPageSteps.verifyTheValueDisplayedAtTheColumn(java.lang.String,java.lang.String)
  And Verify the column "First (& Middle) Name" displays value "John" # stepDefinitions.CommonPageSteps.verifyTheValueDisplayedAtTheColumn(java.lang.String,java.lang.String)
  And Verify the column "Last Name" displays value "Brown"            # stepDefinitions.CommonPageSteps.verifyTheValueDisplayedAtTheColumn(java.lang.String,java.lang.String)
Browser name run by command line = null
  When Click on the "bi-pencil-fill" icon of employee has ID "001"    # stepDefinitions.PIM.EmployeeListPageSteps.clickToIcon(java.lang.String,java.lang.String)
  And The "Personal Details" page will displayed                      # stepDefinitions.CommonPageSteps.thePageWillDisplayed(java.lang.String)
  Then Verify "firstName" textbox name displays "John"                # stepDefinitions.CommonPageSteps.verifyTextboxNameDisplays(java.lang.String,java.lang.String)
  And Verify "lastName" textbox name displays "Brown"                 # stepDefinitions.CommonPageSteps.verifyTextboxNameDisplays(java.lang.String,java.lang.String)
  And Verify "Employee Id" textbox text displays "001"                # stepDefinitions.CommonPageSteps.verifyTextboxTextDisplays(java.lang.String,java.lang.String)
Browser name run by command line = null
  When Input Personal Detail information with data                    # stepDefinitions.PIM.PersonalDetailsPageSteps.inputPersonalDetailInformationWithData(io.cucumber.datatable.DataTable)
    | licenseNumber | licenseExpiryDate | nationality | maritalStatus | dateOfBirth | gender |
    | D08954796     | 2024-01-03        | American    | Married       | 1998-03-02  | Male   |
  And Click to Save button of "Personal Details"                      # stepDefinitions.CommonPageSteps.clickToSaveButtonWithHeaderName(java.lang.String)
  Then Success message "Successfully Updated" displayed               # stepDefinitions.CommonPageSteps.successMessageDisplayed(java.lang.String)
  And wait a second                                                   # stepDefinitions.CommonPageSteps.waitForASecond()
  And Personal Detail information displayed correct as input          # stepDefinitions.PIM.PersonalDetailsPageSteps.personalDetailInformationDisplayedCorrect(io.cucumber.datatable.DataTable)
    | licenseNumber | licenseExpiryDate | nationality | maritalStatus | dateOfBirth | gender |
    | D08954796     | 2024-01-03        | American    | Married       | 1998-03-02  | Male   |
      java.lang.AssertionError: License Expiry Date mismatch expected [2024-01-03] but found [2024/01/03]
	at org.testng.Assert.fail(Assert.java:111)
	at org.testng.Assert.failNotEquals(Assert.java:1578)
	at org.testng.Assert.assertEqualsImpl(Assert.java:150)
	at org.testng.Assert.assertEquals(Assert.java:132)
	at org.testng.Assert.assertEquals(Assert.java:656)
	at stepDefinitions.PIM.PersonalDetailsPageSteps.personalDetailInformationDisplayedCorrect(PersonalDetailsPageSteps.java:40)
	at âœ½.Personal Detail information displayed correct as input(file:///D:/Automation%20testing/03%20-%20Java%20Hybrid%20Framework/orangehrm-selenium-cucumber/src/test/java/features/05_pim_employee.feature:43)

]]></system-out>
  </testcase>
  <testcase name="runScenario[&quot;Upload Avatar for employee&quot;, &quot;Add new Employee&quot;](10)" classname="cucumberOptions.TestRunner" time="8.373">
    <system-out><![CDATA[
@run
Scenario Outline: Upload Avatar for employee            # src/test/java/features/05_pim_employee.feature:62
Browser name run by command line = null
  Given Click to Avatar picture                         # stepDefinitions.PIM.PersonalDetailsPageSteps.clickToAvatarPicture()
Browser name run by command line = null
  And The "Change Profile Picture" page will displayed  # stepDefinitions.CommonPageSteps.thePageWillDisplayed(java.lang.String)
Browser name run by command line = null
  When Upload Avatar picture "image01.jpg"              # stepDefinitions.PIM.ChangeProfilePicturePageSteps.uploadAvatarPicture(java.lang.String)
  Then Avatar picture "image01.jpg" loaded successfully # stepDefinitions.PIM.ChangeProfilePicturePageSteps.AvatarLoadedSuccess(java.lang.String)
  When Click to "Save" button                           # stepDefinitions.CommonPageSteps.clickToButton(java.lang.String)
  Then Success message "Successfully Updated" displayed # stepDefinitions.CommonPageSteps.successMessageDisplayed(java.lang.String)
  And wait a second                                     # stepDefinitions.CommonPageSteps.waitForASecond()
]]></system-out>
  </testcase>
  <testcase name="runScenario[&quot;Update Contact Details for employee&quot;, &quot;Add new Employee&quot;](11)" classname="cucumberOptions.TestRunner" time="10.137">
    <system-out><![CDATA[
@run
Scenario Outline: Update Contact Details for employee       # src/test/java/features/05_pim_employee.feature:79
Browser name run by command line = null
  Given Navigate to "Contact Details" page in header menu   # stepDefinitions.CommonPageSteps.navigateToPageInHeaderMenu(java.lang.String)
  And The "Contact Details" page will displayed             # stepDefinitions.CommonPageSteps.thePageWillDisplayed(java.lang.String)
Browser name run by command line = null
  When Input Contact Detail information with data           # stepDefinitions.PIM.ContactDetailsPageSteps.inputContactDetailInformationWithData(io.cucumber.datatable.DataTable)
    | street1            | city   | stateOrProvince | zipOrPostalCode | country       | mobile       | workEmail |
    | 2406 Valley Street | Camden | New Jersey      | 08102           | United States | 856-898-7280 | johnBrown |
  And Click to "Save" button                                # stepDefinitions.CommonPageSteps.clickToButton(java.lang.String)
  Then Success message "Successfully Updated" displayed     # stepDefinitions.CommonPageSteps.successMessageDisplayed(java.lang.String)
  And wait a second                                         # stepDefinitions.CommonPageSteps.waitForASecond()
  And Contact Detail information displayed correct as input # stepDefinitions.PIM.ContactDetailsPageSteps.contactDetailInformationDisplayedCorrect(io.cucumber.datatable.DataTable)
    | street1            | city   | stateOrProvince | zipOrPostalCode | country       | mobile       | workEmail |
    | 2406 Valley Street | Camden | New Jersey      | 08102           | United States | 856-898-7280 | johnBrown |
]]></system-out>
  </testcase>
  <testcase name="runScenario[&quot;Update Emergency Contacts for employee&quot;, &quot;Add new Employee&quot;](12)" classname="cucumberOptions.TestRunner" time="7.072">
    <system-out><![CDATA[
@run
Scenario Outline: Update Emergency Contacts for employee           # src/test/java/features/05_pim_employee.feature:97
Browser name run by command line = null
  Given Navigate to "Emergency Contacts" page in header menu       # stepDefinitions.CommonPageSteps.navigateToPageInHeaderMenu(java.lang.String)
  And Click to "Add" button of label "Assigned Emergency Contacts" # stepDefinitions.CommonPageSteps.clickToButtonOfLabel(java.lang.String,java.lang.String)
  And The "Save Emergency Contact" page will displayed             # stepDefinitions.CommonPageSteps.thePageWillDisplayed(java.lang.String)
Browser name run by command line = null
  When Input Emergency Contacts information with data              # stepDefinitions.PIM.EmergencyContactsPageSteps.inputEmergencyContactInformationWithData(io.cucumber.datatable.DataTable)
    | emergencyContactName | emergencyRelationship | emergencyContactMobile |
    | Anna Faris           | Wife                  | 678-399-4725           |
  And Click to "Save" button                                       # stepDefinitions.CommonPageSteps.clickToButton(java.lang.String)
  Then Success message "Successfully Saved" displayed              # stepDefinitions.CommonPageSteps.successMessageDisplayed(java.lang.String)
  And wait a second                                                # stepDefinitions.CommonPageSteps.waitForASecond()
  And Emergency Contacts information displayed correct as input    # stepDefinitions.PIM.EmergencyContactsPageSteps.emergencyContactInformationDisplayedCorrect(io.cucumber.datatable.DataTable)
    | emergencyContactName | emergencyRelationship | emergencyContactMobile |
    | Anna Faris           | Wife                  | 678-399-4725           |
]]></system-out>
  </testcase>
  <testcase name="runScenario[&quot;Update Dependents for employee&quot;, &quot;Add new Employee&quot;](13)" classname="cucumberOptions.TestRunner" time="23.388">
    <failure message="no such element: Unable to locate element: {&quot;method&quot;:&quot;xpath&quot;,&quot;selector&quot;:&quot;//h6[text()=&apos;Assigned Dependents&apos;]/ancestor::div[contains(@class,&apos;vertical-padding&apos;)]//following-sibling::div//div[@class=&apos;oxd-table-card&apos;]/div[@role=&apos;row&apos;][1]/div[4]/div[contains(text(),&apos;2022-07-04&apos;)]&quot;}&#10;  (Session info: chrome=131.0.6778.109)&#10;For documentation on this error, please visit: https://www.selenium.dev/documentation/webdriver/troubleshooting/errors#no-such-element-exception&#10;Build info: version: &apos;4.21.0&apos;, revision: &apos;79ed462ef4&apos;&#10;System info: os.name: &apos;Windows 10&apos;, os.arch: &apos;amd64&apos;, os.version: &apos;10.0&apos;, java.version: &apos;17.0.11&apos;&#10;Driver info: org.openqa.selenium.chrome.ChromeDriver&#10;Command: [4bc4fdb80c5a6770814390193c4466ac, findElement {value=//h6[text()=&apos;Assigned Dependents&apos;]/ancestor::div[contains(@class,&apos;vertical-padding&apos;)]//following-sibling::div//div[@class=&apos;oxd-table-card&apos;]/div[@role=&apos;row&apos;][1]/div[4]/div[contains(text(),&apos;2022-07-04&apos;)], using=xpath}]&#10;Capabilities {acceptInsecureCerts: false, browserName: chrome, browserVersion: 131.0.6778.109, chrome: {chromedriverVersion: 131.0.6778.87 (ce31cae94873..., userDataDir: C:\Users\DELL\AppData\Local...}, fedcm:accounts: true, goog:chromeOptions: {debuggerAddress: localhost:53553}, networkConnectionEnabled: false, pageLoadStrategy: normal, platformName: windows, proxy: Proxy(), se:cdp: ws://localhost:53553/devtoo..., se:cdpVersion: 131.0.6778.109, setWindowRect: true, strictFileInteractability: false, timeouts: {implicit: 0, pageLoad: 300000, script: 30000}, unhandledPromptBehavior: dismiss and notify, webauthn:extension:credBlob: true, webauthn:extension:largeBlob: true, webauthn:extension:minPinLength: true, webauthn:extension:prf: true, webauthn:virtualAuthenticators: true}&#10;Session ID: 4bc4fdb80c5a6770814390193c4466ac" type="org.openqa.selenium.NoSuchElementException"><![CDATA[org.openqa.selenium.NoSuchElementException: 
no such element: Unable to locate element: {"method":"xpath","selector":"//h6[text()='Assigned Dependents']/ancestor::div[contains(@class,'vertical-padding')]//following-sibling::div//div[@class='oxd-table-card']/div[@role='row'][1]/div[4]/div[contains(text(),'2022-07-04')]"}
  (Session info: chrome=131.0.6778.109)
For documentation on this error, please visit: https://www.selenium.dev/documentation/webdriver/troubleshooting/errors#no-such-element-exception
Build info: version: '4.21.0', revision: '79ed462ef4'
System info: os.name: 'Windows 10', os.arch: 'amd64', os.version: '10.0', java.version: '17.0.11'
Driver info: org.openqa.selenium.chrome.ChromeDriver
Command: [4bc4fdb80c5a6770814390193c4466ac, findElement {value=//h6[text()='Assigned Dependents']/ancestor::div[contains(@class,'vertical-padding')]//following-sibling::div//div[@class='oxd-table-card']/div[@role='row'][1]/div[4]/div[contains(text(),'2022-07-04')], using=xpath}]
Capabilities {acceptInsecureCerts: false, browserName: chrome, browserVersion: 131.0.6778.109, chrome: {chromedriverVersion: 131.0.6778.87 (ce31cae94873..., userDataDir: C:\Users\DELL\AppData\Local...}, fedcm:accounts: true, goog:chromeOptions: {debuggerAddress: localhost:53553}, networkConnectionEnabled: false, pageLoadStrategy: normal, platformName: windows, proxy: Proxy(), se:cdp: ws://localhost:53553/devtoo..., se:cdpVersion: 131.0.6778.109, setWindowRect: true, strictFileInteractability: false, timeouts: {implicit: 0, pageLoad: 300000, script: 30000}, unhandledPromptBehavior: dismiss and notify, webauthn:extension:credBlob: true, webauthn:extension:largeBlob: true, webauthn:extension:minPinLength: true, webauthn:extension:prf: true, webauthn:virtualAuthenticators: true}
Session ID: 4bc4fdb80c5a6770814390193c4466ac
	at java.base/jdk.internal.reflect.NativeConstructorAccessorImpl.newInstance0(Native Method)
	at java.base/jdk.internal.reflect.NativeConstructorAccessorImpl.newInstance(NativeConstructorAccessorImpl.java:77)
	at java.base/jdk.internal.reflect.DelegatingConstructorAccessorImpl.newInstance(DelegatingConstructorAccessorImpl.java:45)
	at java.base/java.lang.reflect.Constructor.newInstanceWithCaller(Constructor.java:499)
	at java.base/java.lang.reflect.Constructor.newInstance(Constructor.java:480)
	at org.openqa.selenium.remote.ErrorCodec.decode(ErrorCodec.java:167)
	at org.openqa.selenium.remote.codec.w3c.W3CHttpResponseCodec.decode(W3CHttpResponseCodec.java:138)
	at org.openqa.selenium.remote.codec.w3c.W3CHttpResponseCodec.decode(W3CHttpResponseCodec.java:50)
	at org.openqa.selenium.remote.HttpCommandExecutor.execute(HttpCommandExecutor.java:190)
	at org.openqa.selenium.remote.service.DriverCommandExecutor.invokeExecute(DriverCommandExecutor.java:216)
	at org.openqa.selenium.remote.service.DriverCommandExecutor.execute(DriverCommandExecutor.java:174)
	at org.openqa.selenium.remote.RemoteWebDriver.execute(RemoteWebDriver.java:518)
	at org.openqa.selenium.remote.ElementLocation$ElementFinder$2.findElement(ElementLocation.java:165)
	at org.openqa.selenium.remote.ElementLocation.findElement(ElementLocation.java:59)
	at org.openqa.selenium.remote.RemoteWebDriver.findElement(RemoteWebDriver.java:355)
	at org.openqa.selenium.remote.RemoteWebDriver.findElement(RemoteWebDriver.java:349)
	at commons.BasePage.getWebElement(BasePage.java:153)
	at commons.BasePage.isElementDisplayed(BasePage.java:299)
	at pageObjects.CommonPageObject.isValueDisplayedAtColumnNameWithTableName(CommonPageObject.java:82)
	at stepDefinitions.CommonPageSteps.verifyTheValueDisplayedAtTheColumnInTable(CommonPageSteps.java:150)
	at ✽.Verify the table "Assigned Dependents" - column "Date of Birth" displays value "2022-07-04"(file:///D:/Automation%20testing/03%20-%20Java%20Hybrid%20Framework/orangehrm-selenium-cucumber/src/test/java/features/05_pim_employee.feature:111)
]]></failure>
    <system-out><![CDATA[
@run
Scenario Outline: Update Dependents for employee                                                  # src/test/java/features/05_pim_employee.feature:115
Browser name run by command line = null
  Given Navigate to "Dependents" page in header menu                                              # stepDefinitions.CommonPageSteps.navigateToPageInHeaderMenu(java.lang.String)
  And Click to "Add" button of label "Assigned Dependents"                                        # stepDefinitions.CommonPageSteps.clickToButtonOfLabel(java.lang.String,java.lang.String)
  And The "Add Dependent" page will displayed                                                     # stepDefinitions.CommonPageSteps.thePageWillDisplayed(java.lang.String)
  When Input to "Name" textbox with value "Rosy Brown"                                            # stepDefinitions.CommonPageSteps.inputToTextboxWithValue(java.lang.String,java.lang.String)
  And Select item "Child" in dropdown "Relationship"                                              # stepDefinitions.CommonPageSteps.selectItemInDropdown(java.lang.String,java.lang.String)
  And Input to "Date of Birth" textbox with value "2022-07-04"                                    # stepDefinitions.CommonPageSteps.inputToTextboxWithValue(java.lang.String,java.lang.String)
  And Click to "Save" button                                                                      # stepDefinitions.CommonPageSteps.clickToButton(java.lang.String)
  Then Success message "Successfully Saved" displayed                                             # stepDefinitions.CommonPageSteps.successMessageDisplayed(java.lang.String)
  And wait a second                                                                               # stepDefinitions.CommonPageSteps.waitForASecond()
  And Verify the table "Assigned Dependents" - column "Name" displays value "Rosy Brown"          # stepDefinitions.CommonPageSteps.verifyTheValueDisplayedAtTheColumnInTable(java.lang.String,java.lang.String,java.lang.String)
  And Verify the table "Assigned Dependents" - column "Relationship" displays value "Child"       # stepDefinitions.CommonPageSteps.verifyTheValueDisplayedAtTheColumnInTable(java.lang.String,java.lang.String,java.lang.String)
  And Verify the table "Assigned Dependents" - column "Date of Birth" displays value "2022-07-04" # stepDefinitions.CommonPageSteps.verifyTheValueDisplayedAtTheColumnInTable(java.lang.String,java.lang.String,java.lang.String)
      org.openqa.selenium.NoSuchElementException: no such element: Unable to locate element: {"method":"xpath","selector":"//h6[text()='Assigned Dependents']/ancestor::div[contains(@class,'vertical-padding')]//following-sibling::div//div[@class='oxd-table-card']/div[@role='row'][1]/div[4]/div[contains(text(),'2022-07-04')]"}
  (Session info: chrome=131.0.6778.109)
For documentation on this error, please visit: https://www.selenium.dev/documentation/webdriver/troubleshooting/errors#no-such-element-exception
Build info: version: '4.21.0', revision: '79ed462ef4'
System info: os.name: 'Windows 10', os.arch: 'amd64', os.version: '10.0', java.version: '17.0.11'
Driver info: org.openqa.selenium.chrome.ChromeDriver
Command: [4bc4fdb80c5a6770814390193c4466ac, findElement {value=//h6[text()='Assigned Dependents']/ancestor::div[contains(@class,'vertical-padding')]//following-sibling::div//div[@class='oxd-table-card']/div[@role='row'][1]/div[4]/div[contains(text(),'2022-07-04')], using=xpath}]
Capabilities {acceptInsecureCerts: false, browserName: chrome, browserVersion: 131.0.6778.109, chrome: {chromedriverVersion: 131.0.6778.87 (ce31cae94873..., userDataDir: C:\Users\DELL\AppData\Local...}, fedcm:accounts: true, goog:chromeOptions: {debuggerAddress: localhost:53553}, networkConnectionEnabled: false, pageLoadStrategy: normal, platformName: windows, proxy: Proxy(), se:cdp: ws://localhost:53553/devtoo..., se:cdpVersion: 131.0.6778.109, setWindowRect: true, strictFileInteractability: false, timeouts: {implicit: 0, pageLoad: 300000, script: 30000}, unhandledPromptBehavior: dismiss and notify, webauthn:extension:credBlob: true, webauthn:extension:largeBlob: true, webauthn:extension:minPinLength: true, webauthn:extension:prf: true, webauthn:virtualAuthenticators: true}
Session ID: 4bc4fdb80c5a6770814390193c4466ac
	at java.base/jdk.internal.reflect.NativeConstructorAccessorImpl.newInstance0(Native Method)
	at java.base/jdk.internal.reflect.NativeConstructorAccessorImpl.newInstance(NativeConstructorAccessorImpl.java:77)
	at java.base/jdk.internal.reflect.DelegatingConstructorAccessorImpl.newInstance(DelegatingConstructorAccessorImpl.java:45)
	at java.base/java.lang.reflect.Constructor.newInstanceWithCaller(Constructor.java:499)
	at java.base/java.lang.reflect.Constructor.newInstance(Constructor.java:480)
	at org.openqa.selenium.remote.ErrorCodec.decode(ErrorCodec.java:167)
	at org.openqa.selenium.remote.codec.w3c.W3CHttpResponseCodec.decode(W3CHttpResponseCodec.java:138)
	at org.openqa.selenium.remote.codec.w3c.W3CHttpResponseCodec.decode(W3CHttpResponseCodec.java:50)
	at org.openqa.selenium.remote.HttpCommandExecutor.execute(HttpCommandExecutor.java:190)
	at org.openqa.selenium.remote.service.DriverCommandExecutor.invokeExecute(DriverCommandExecutor.java:216)
	at org.openqa.selenium.remote.service.DriverCommandExecutor.execute(DriverCommandExecutor.java:174)
	at org.openqa.selenium.remote.RemoteWebDriver.execute(RemoteWebDriver.java:518)
	at org.openqa.selenium.remote.ElementLocation$ElementFinder$2.findElement(ElementLocation.java:165)
	at org.openqa.selenium.remote.ElementLocation.findElement(ElementLocation.java:59)
	at org.openqa.selenium.remote.RemoteWebDriver.findElement(RemoteWebDriver.java:355)
	at org.openqa.selenium.remote.RemoteWebDriver.findElement(RemoteWebDriver.java:349)
	at commons.BasePage.getWebElement(BasePage.java:153)
	at commons.BasePage.isElementDisplayed(BasePage.java:299)
	at pageObjects.CommonPageObject.isValueDisplayedAtColumnNameWithTableName(CommonPageObject.java:82)
	at stepDefinitions.CommonPageSteps.verifyTheValueDisplayedAtTheColumnInTable(CommonPageSteps.java:150)
	at âœ½.Verify the table "Assigned Dependents" - column "Date of Birth" displays value "2022-07-04"(file:///D:/Automation%20testing/03%20-%20Java%20Hybrid%20Framework/orangehrm-selenium-cucumber/src/test/java/features/05_pim_employee.feature:111)

]]></system-out>
  </testcase>
  <testcase name="runScenario[&quot;Update Immigration for employee&quot;, &quot;Add new Employee&quot;](14)" classname="cucumberOptions.TestRunner" time="35.482">
    <failure message="Expected condition failed: waiting for visibility of element located by By.xpath: //p[contains(@class,&apos;oxd-text--toast-message&apos;) and text()=&apos;Successfully Saved&apos;] (tried for 30 second(s) with 500 milliseconds interval)&#10;Build info: version: &apos;4.21.0&apos;, revision: &apos;79ed462ef4&apos;&#10;System info: os.name: &apos;Windows 10&apos;, os.arch: &apos;amd64&apos;, os.version: &apos;10.0&apos;, java.version: &apos;17.0.11&apos;&#10;Driver info: org.openqa.selenium.chrome.ChromeDriver&#10;Capabilities {acceptInsecureCerts: false, browserName: chrome, browserVersion: 131.0.6778.109, chrome: {chromedriverVersion: 131.0.6778.87 (ce31cae94873..., userDataDir: C:\Users\DELL\AppData\Local...}, fedcm:accounts: true, goog:chromeOptions: {debuggerAddress: localhost:53553}, networkConnectionEnabled: false, pageLoadStrategy: normal, platformName: windows, proxy: Proxy(), se:cdp: ws://localhost:53553/devtoo..., se:cdpVersion: 131.0.6778.109, setWindowRect: true, strictFileInteractability: false, timeouts: {implicit: 0, pageLoad: 300000, script: 30000}, unhandledPromptBehavior: dismiss and notify, webauthn:extension:credBlob: true, webauthn:extension:largeBlob: true, webauthn:extension:minPinLength: true, webauthn:extension:prf: true, webauthn:virtualAuthenticators: true}&#10;Session ID: 4bc4fdb80c5a6770814390193c4466ac" type="org.openqa.selenium.TimeoutException"><![CDATA[org.openqa.selenium.TimeoutException: 
Expected condition failed: waiting for visibility of element located by By.xpath: //p[contains(@class,'oxd-text--toast-message') and text()='Successfully Saved'] (tried for 30 second(s) with 500 milliseconds interval)
Build info: version: '4.21.0', revision: '79ed462ef4'
System info: os.name: 'Windows 10', os.arch: 'amd64', os.version: '10.0', java.version: '17.0.11'
Driver info: org.openqa.selenium.chrome.ChromeDriver
Capabilities {acceptInsecureCerts: false, browserName: chrome, browserVersion: 131.0.6778.109, chrome: {chromedriverVersion: 131.0.6778.87 (ce31cae94873..., userDataDir: C:\Users\DELL\AppData\Local...}, fedcm:accounts: true, goog:chromeOptions: {debuggerAddress: localhost:53553}, networkConnectionEnabled: false, pageLoadStrategy: normal, platformName: windows, proxy: Proxy(), se:cdp: ws://localhost:53553/devtoo..., se:cdpVersion: 131.0.6778.109, setWindowRect: true, strictFileInteractability: false, timeouts: {implicit: 0, pageLoad: 300000, script: 30000}, unhandledPromptBehavior: dismiss and notify, webauthn:extension:credBlob: true, webauthn:extension:largeBlob: true, webauthn:extension:minPinLength: true, webauthn:extension:prf: true, webauthn:virtualAuthenticators: true}
Session ID: 4bc4fdb80c5a6770814390193c4466ac
	at org.openqa.selenium.support.ui.WebDriverWait.timeoutException(WebDriverWait.java:84)
	at org.openqa.selenium.support.ui.FluentWait.until(FluentWait.java:228)
	at commons.BasePage.waitForElementVisible(BasePage.java:412)
	at pageObjects.CommonPageObject.isSuccessMessageDisplayed(CommonPageObject.java:41)
	at stepDefinitions.CommonPageSteps.successMessageDisplayed(CommonPageSteps.java:125)
	at ✽.Success message "Successfully Saved" displayed(file:///D:/Automation%20testing/03%20-%20Java%20Hybrid%20Framework/orangehrm-selenium-cucumber/src/test/java/features/05_pim_employee.feature:125)
]]></failure>
    <system-out><![CDATA[
@run
Scenario Outline: Update Immigration for employee                   # src/test/java/features/05_pim_employee.feature:133
Browser name run by command line = null
  Given Navigate to "Immigration" page in header menu               # stepDefinitions.CommonPageSteps.navigateToPageInHeaderMenu(java.lang.String)
  And Click to "Add" button of label "Assigned Immigration Records" # stepDefinitions.CommonPageSteps.clickToButtonOfLabel(java.lang.String,java.lang.String)
  And The "Add Immigration" page will displayed                     # stepDefinitions.CommonPageSteps.thePageWillDisplayed(java.lang.String)
Browser name run by command line = null
  When Input Immigration information with data                      # stepDefinitions.PIM.ImmigrationPageSteps.inputImmigrationInformationWithData(io.cucumber.datatable.DataTable)
    | documentType | docNumber | issuedDate | expiryDate | issuedBy      | eligibleReviewDate |
    | Passport     | 422016774 | 2017-24-12 | 2027-23-12 | United States | 2023-23-12         |
  And Click to "Save" button                                        # stepDefinitions.CommonPageSteps.clickToButton(java.lang.String)
  Then Success message "Successfully Saved" displayed               # stepDefinitions.CommonPageSteps.successMessageDisplayed(java.lang.String)
      org.openqa.selenium.TimeoutException: Expected condition failed: waiting for visibility of element located by By.xpath: //p[contains(@class,'oxd-text--toast-message') and text()='Successfully Saved'] (tried for 30 second(s) with 500 milliseconds interval)
Build info: version: '4.21.0', revision: '79ed462ef4'
System info: os.name: 'Windows 10', os.arch: 'amd64', os.version: '10.0', java.version: '17.0.11'
Driver info: org.openqa.selenium.chrome.ChromeDriver
Capabilities {acceptInsecureCerts: false, browserName: chrome, browserVersion: 131.0.6778.109, chrome: {chromedriverVersion: 131.0.6778.87 (ce31cae94873..., userDataDir: C:\Users\DELL\AppData\Local...}, fedcm:accounts: true, goog:chromeOptions: {debuggerAddress: localhost:53553}, networkConnectionEnabled: false, pageLoadStrategy: normal, platformName: windows, proxy: Proxy(), se:cdp: ws://localhost:53553/devtoo..., se:cdpVersion: 131.0.6778.109, setWindowRect: true, strictFileInteractability: false, timeouts: {implicit: 0, pageLoad: 300000, script: 30000}, unhandledPromptBehavior: dismiss and notify, webauthn:extension:credBlob: true, webauthn:extension:largeBlob: true, webauthn:extension:minPinLength: true, webauthn:extension:prf: true, webauthn:virtualAuthenticators: true}
Session ID: 4bc4fdb80c5a6770814390193c4466ac
	at org.openqa.selenium.support.ui.WebDriverWait.timeoutException(WebDriverWait.java:84)
	at org.openqa.selenium.support.ui.FluentWait.until(FluentWait.java:228)
	at commons.BasePage.waitForElementVisible(BasePage.java:412)
	at pageObjects.CommonPageObject.isSuccessMessageDisplayed(CommonPageObject.java:41)
	at stepDefinitions.CommonPageSteps.successMessageDisplayed(CommonPageSteps.java:125)
	at âœ½.Success message "Successfully Saved" displayed(file:///D:/Automation%20testing/03%20-%20Java%20Hybrid%20Framework/orangehrm-selenium-cucumber/src/test/java/features/05_pim_employee.feature:125)

  And wait a second                                                 # stepDefinitions.CommonPageSteps.waitForASecond()
  And Immigration information displayed correct as input            # stepDefinitions.PIM.ImmigrationPageSteps.immigrationInformationDisplayedCorrect(io.cucumber.datatable.DataTable)
    | documentType | docNumber | issuedDate | expiryDate | issuedBy      | eligibleReviewDate |
    | Passport     | 422016774 | 2017-24-12 | 2027-23-12 | United States | 2023-23-12         |
]]></system-out>
  </testcase>
</testsuite>