<?xml version="1.0" encoding="UTF-8"?>
<testng-results ignored="0" total="3" passed="2" failed="1" skipped="0">
  <reporter-output>
  </reporter-output>
  <suite started-at="2024-12-07T20:33:57 ICT" name="Surefire suite" finished-at="2024-12-07T20:34:26 ICT" duration-ms="29442">
    <groups>
      <group name="cucumber">
        <method signature="AbstractTestNGCucumberTests.runScenario(io.cucumber.testng.PickleWrapper,io.cucumber.testng.FeatureWrapper)[pri:0, instance:cucumberOptions.TestRunner@3d51f06e]" name="runScenario" class="io.cucumber.testng.AbstractTestNGCucumberTests"/>
      </group> <!-- cucumber -->
    </groups>
    <test started-at="2024-12-07T20:33:57 ICT" name="Surefire test" finished-at="2024-12-07T20:34:26 ICT" duration-ms="29442">
      <class name="cucumberOptions.TestRunner">
        <test-method is-config="true" signature="setUpClass(org.testng.ITestContext)[pri:0, instance:cucumberOptions.TestRunner@3d51f06e]" started-at="2024-12-07T20:33:57 ICT" name="setUpClass" finished-at="2024-12-07T20:33:57 ICT" duration-ms="486" status="PASS">
          <params>
            <param index="0">
              <value>
                <![CDATA[org.testng.TestRunner@4a1e86a3]]>
              </value>
            </param>
          </params>
          <reporter-output>
          </reporter-output>
        </test-method> <!-- setUpClass -->
        <test-method signature="runScenario(io.cucumber.testng.PickleWrapper,io.cucumber.testng.FeatureWrapper)[pri:0, instance:cucumberOptions.TestRunner@3d51f06e]" started-at="2024-12-07T20:33:57 ICT" name="runScenario" description="Runs Cucumber Scenarios" data-provider="scenarios" finished-at="2024-12-07T20:34:11 ICT" duration-ms="13720" status="PASS">
          <params>
            <param index="0">
              <value>
                <![CDATA["Log into to OrangeHRM site as Admin role successfully"]]>
              </value>
            </param>
            <param index="1">
              <value>
                <![CDATA["Login to OrangeHRM site"]]>
              </value>
            </param>
          </params>
          <reporter-output>
          </reporter-output>
        </test-method> <!-- runScenario -->
        <test-method signature="runScenario(io.cucumber.testng.PickleWrapper,io.cucumber.testng.FeatureWrapper)[pri:0, instance:cucumberOptions.TestRunner@3d51f06e]" started-at="2024-12-07T20:34:11 ICT" name="runScenario" description="Runs Cucumber Scenarios" data-provider="scenarios" finished-at="2024-12-07T20:34:18 ICT" duration-ms="7554" status="PASS">
          <params>
            <param index="0">
              <value>
                <![CDATA["Add new Pay Grades fail when input empty data"]]>
              </value>
            </param>
            <param index="1">
              <value>
                <![CDATA["Add new Pay Grades"]]>
              </value>
            </param>
          </params>
          <reporter-output>
          </reporter-output>
        </test-method> <!-- runScenario -->
        <test-method signature="runScenario(io.cucumber.testng.PickleWrapper,io.cucumber.testng.FeatureWrapper)[pri:0, instance:cucumberOptions.TestRunner@3d51f06e]" started-at="2024-12-07T20:34:18 ICT" name="runScenario" description="Runs Cucumber Scenarios" data-provider="scenarios" finished-at="2024-12-07T20:34:26 ICT" duration-ms="7612" status="FAIL">
          <params>
            <param index="0">
              <value>
                <![CDATA["Add new Pay Grades successfully"]]>
              </value>
            </param>
            <param index="1">
              <value>
                <![CDATA["Add new Pay Grades"]]>
              </value>
            </param>
          </params>
          <exception class="java.lang.AssertionError">
            <message>
              <![CDATA[expected [Pay Grade 218] but found []]]>
            </message>
            <full-stacktrace>
              <![CDATA[java.lang.AssertionError: expected [Pay Grade 218] but found []
at org.testng.Assert.fail(Assert.java:111)
at org.testng.Assert.failNotEquals(Assert.java:1578)
at org.testng.Assert.assertEqualsImpl(Assert.java:150)
at org.testng.Assert.assertEquals(Assert.java:132)
at org.testng.Assert.assertEquals(Assert.java:656)
at org.testng.Assert.assertEquals(Assert.java:666)
at stepDefinitions.CommonPageSteps.verifyTextboxTextDisplays(CommonPageSteps.java:169)
at âœ½.Verify "Name" textbox text displays "1"(file:///D:/Automation%20testing/03%20-%20Java%20Hybrid%20Framework/orangehrm-selenium-cucumber/src/test/java/features/03_admin_pay_grades.feature:19)
]]>
            </full-stacktrace>
          </exception> <!-- java.lang.AssertionError -->
          <reporter-output>
          </reporter-output>
        </test-method> <!-- runScenario -->
        <test-method is-config="true" signature="tearDownClass()[pri:0, instance:cucumberOptions.TestRunner@3d51f06e]" started-at="2024-12-07T20:34:26 ICT" name="tearDownClass" finished-at="2024-12-07T20:34:26 ICT" duration-ms="34" status="PASS">
          <reporter-output>
          </reporter-output>
        </test-method> <!-- tearDownClass -->
      </class> <!-- cucumberOptions.TestRunner -->
    </test> <!-- Surefire test -->
  </suite> <!-- Surefire suite -->
</testng-results>
